<?xml version="1.0" encoding="UTF-8" standalone="no"?>
<testsuite errors="0" failures="12" name="io.cucumber.core.plugin.JUnitFormatter" skipped="0" tests="12" time="1.702">
<testcase classname="Testing Cloud component in Greengrass" name="As a developer, I can create a component in Cloud and deploy it on my device" time="1.029">
<failure message="Unable to provision, see the following errors:&#13;&#10;&#13;&#10;1) [Guice/ErrorInCustomProvider]: IllegalArgumentException: Parameter ggc.archive is required if not testing against pre-installed versions of Greengrass on the device.&#13;&#10;  at GreengrassContextModule.providesNucleusContext(GreengrassContextModule.java:88)&#13;&#10;  at TestContextModule.providesTestContext(TestContextModule.java:77)&#13;&#10;      \_ for 5th parameter&#13;&#10;  at TestContextModule.providesTestContext(TestContextModule.java:77)&#13;&#10;  at LoggerSteps.&lt;init&gt;(LoggerSteps.java:28)&#13;&#10;      \_ for 1st parameter&#13;&#10;  at LoggerSteps.class(LoggerSteps.java:23)&#13;&#10;  while locating LoggerSteps&#13;&#10;&#13;&#10;Learn more:&#13;&#10;  https://github.com/google/guice/wiki/ERROR_IN_CUSTOM_PROVIDER&#13;&#10;&#13;&#10;1 error&#10;&#10;======================&#10;Full classname legend:&#10;======================&#10;GreengrassContextModule:  &quot;com.aws.greengrass.testing.modules.GreengrassContextModule&quot;&#10;LoggerSteps:              &quot;com.aws.greengrass.testing.features.LoggerSteps&quot;&#10;TestContextModule:        &quot;com.aws.greengrass.testing.modules.TestContextModule&quot;&#10;========================&#10;End of classname legend:&#10;========================&#10;" type="com.google.inject.ProvisionException"><![CDATA[Given my device is registered as a Thing....................................skipped
And my device is running Greengrass.........................................skipped
When I create a Greengrass deployment with components.......................skipped
And I deploy the Greengrass deployment configuration........................skipped
Then the Greengrass deployment is COMPLETED on the device after 180 seconds.skipped
And the com.aws.HelloWorld log on the device contains the line "Hello World!!" within 20 seconds.skipped
When I create a Greengrass deployment with components.......................skipped
And I deploy the Greengrass deployment configuration........................skipped
Then the Greengrass deployment is COMPLETED on the device after 180 seconds.skipped
And the com.aws.HelloWorld log on the device contains the line "Hello World Updated!!" within 20 seconds.skipped

StackTrace:
com.google.inject.ProvisionException: Unable to provision, see the following errors:

1) [Guice/ErrorInCustomProvider]: IllegalArgumentException: Parameter ggc.archive is required if not testing against pre-installed versions of Greengrass on the device.
  at GreengrassContextModule.providesNucleusContext(GreengrassContextModule.java:88)
  at TestContextModule.providesTestContext(TestContextModule.java:77)
      \_ for 5th parameter
  at TestContextModule.providesTestContext(TestContextModule.java:77)
  at LoggerSteps.<init>(LoggerSteps.java:28)
      \_ for 1st parameter
  at LoggerSteps.class(LoggerSteps.java:23)
  while locating LoggerSteps

Learn more:
  https://github.com/google/guice/wiki/ERROR_IN_CUSTOM_PROVIDER

1 error

======================
Full classname legend:
======================
GreengrassContextModule:  "com.aws.greengrass.testing.modules.GreengrassContextModule"
LoggerSteps:              "com.aws.greengrass.testing.features.LoggerSteps"
TestContextModule:        "com.aws.greengrass.testing.modules.TestContextModule"
========================
End of classname legend:
========================

	at com.google.inject.internal.InternalProvisionException.toProvisionException(InternalProvisionException.java:251)
	at com.google.inject.internal.InjectorImpl$1.get(InjectorImpl.java:1103)
	at com.google.inject.internal.InjectorImpl.getInstance(InjectorImpl.java:1138)
	at io.cucumber.guice.GuiceFactory.getInstance(GuiceFactory.java:43)
	at io.cucumber.java.JavaHookDefinition.execute(JavaHookDefinition.java:61)
	at io.cucumber.core.runner.CoreHookDefinition.execute(CoreHookDefinition.java:31)
	at io.cucumber.core.runner.HookDefinitionMatch.runStep(HookDefinitionMatch.java:20)
	at io.cucumber.core.runner.TestStep.executeStep(TestStep.java:64)
	at io.cucumber.core.runner.TestStep.run(TestStep.java:49)
	at io.cucumber.core.runner.TestCase.run(TestCase.java:47)
	at io.cucumber.core.runner.Runner.runPickle(Runner.java:67)
	at io.cucumber.core.runtime.Runtime.lambda$run$2(Runtime.java:100)
	at java.util.concurrent.Executors$RunnableAdapter.call(Unknown Source)
	at java.util.concurrent.FutureTask.run(Unknown Source)
	at io.cucumber.core.runtime.Runtime$SameThreadExecutorService.execute(Runtime.java:243)
	at java.util.concurrent.AbstractExecutorService.submit(Unknown Source)
	at io.cucumber.core.runtime.Runtime.lambda$run$3(Runtime.java:100)
	at java.util.stream.ReferencePipeline$3$1.accept(Unknown Source)
	at java.util.stream.SliceOps$1$1.accept(Unknown Source)
	at java.util.ArrayList$ArrayListSpliterator.tryAdvance(Unknown Source)
	at java.util.stream.ReferencePipeline.forEachWithCancel(Unknown Source)
	at java.util.stream.AbstractPipeline.copyIntoWithCancel(Unknown Source)
	at java.util.stream.AbstractPipeline.copyInto(Unknown Source)
	at java.util.stream.AbstractPipeline.wrapAndCopyInto(Unknown Source)
	at java.util.stream.ReduceOps$ReduceOp.evaluateSequential(Unknown Source)
	at java.util.stream.AbstractPipeline.evaluate(Unknown Source)
	at java.util.stream.ReferencePipeline.collect(Unknown Source)
	at io.cucumber.core.runtime.Runtime.run(Runtime.java:101)
	at com.aws.greengrass.testing.launcher.TestLauncher.runTests(TestLauncher.java:184)
	at com.aws.greengrass.testing.launcher.TestLauncher.main(TestLauncher.java:120)
Caused by: java.lang.IllegalArgumentException: Parameter ggc.archive is required if not testing against pre-installed versions of Greengrass on the device.
	at com.aws.greengrass.testing.modules.GreengrassContextModule.lambda$providesNucleusContext$1(GreengrassContextModule.java:102)
	at java.util.Optional.orElseThrow(Unknown Source)
	at com.aws.greengrass.testing.modules.GreengrassContextModule.providesNucleusContext(GreengrassContextModule.java:102)
	at com.aws.greengrass.testing.modules.GreengrassContextModule$$FastClassByGuice$$7757270.GUICE$TRAMPOLINE(<generated>)
	at com.aws.greengrass.testing.modules.GreengrassContextModule$$FastClassByGuice$$7757270.apply(<generated>)
	at com.google.inject.internal.ProviderMethod$FastClassProviderMethod.doProvision(ProviderMethod.java:260)
	at com.google.inject.internal.ProviderMethod.doProvision(ProviderMethod.java:171)
	at com.google.inject.internal.InternalProviderInstanceBindingImpl$CyclicFactory.provision(InternalProviderInstanceBindingImpl.java:185)
	at com.google.inject.internal.InternalProviderInstanceBindingImpl$CyclicFactory.access$300(InternalProviderInstanceBindingImpl.java:139)
	at com.google.inject.internal.InternalProviderInstanceBindingImpl$CyclicFactory$1.call(InternalProviderInstanceBindingImpl.java:169)
	at com.google.inject.internal.ProvisionListenerStackCallback$Provision.provision(ProvisionListenerStackCallback.java:109)
	at com.aws.greengrass.testing.modules.AWSResourcesCleanupModule$CleanupProvisioner.onProvision(AWSResourcesCleanupModule.java:69)
	at com.google.inject.internal.ProvisionListenerStackCallback$Provision.provision(ProvisionListenerStackCallback.java:117)
	at com.google.inject.internal.ProvisionListenerStackCallback.provision(ProvisionListenerStackCallback.java:66)
	at com.google.inject.internal.InternalProviderInstanceBindingImpl$CyclicFactory.get(InternalProviderInstanceBindingImpl.java:164)
	at com.google.inject.internal.ProviderToInternalFactoryAdapter.get(ProviderToInternalFactoryAdapter.java:40)
	at com.google.inject.internal.SingletonScope$1.get(SingletonScope.java:169)
	at com.google.inject.internal.InternalFactoryToProviderAdapter.get(InternalFactoryToProviderAdapter.java:45)
	at com.google.inject.internal.SingleParameterInjector.inject(SingleParameterInjector.java:40)
	at com.google.inject.internal.SingleParameterInjector.getAll(SingleParameterInjector.java:60)
	at com.google.inject.internal.ProviderMethod.doProvision(ProviderMethod.java:171)
	at com.google.inject.internal.InternalProviderInstanceBindingImpl$CyclicFactory.provision(InternalProviderInstanceBindingImpl.java:185)
	at com.google.inject.internal.InternalProviderInstanceBindingImpl$CyclicFactory.access$300(InternalProviderInstanceBindingImpl.java:139)
	at com.google.inject.internal.InternalProviderInstanceBindingImpl$CyclicFactory$1.call(InternalProviderInstanceBindingImpl.java:169)
	at com.google.inject.internal.ProvisionListenerStackCallback$Provision.provision(ProvisionListenerStackCallback.java:109)
	at com.aws.greengrass.testing.modules.AWSResourcesCleanupModule$CleanupProvisioner.onProvision(AWSResourcesCleanupModule.java:69)
	at com.google.inject.internal.ProvisionListenerStackCallback$Provision.provision(ProvisionListenerStackCallback.java:117)
	at com.google.inject.internal.ProvisionListenerStackCallback.provision(ProvisionListenerStackCallback.java:66)
	at com.google.inject.internal.InternalProviderInstanceBindingImpl$CyclicFactory.get(InternalProviderInstanceBindingImpl.java:164)
	at com.google.inject.internal.ProviderToInternalFactoryAdapter.get(ProviderToInternalFactoryAdapter.java:40)
	at io.cucumber.guice.SequentialScenarioScope.lambda$scope$0(SequentialScenarioScope.java:38)
	at com.google.inject.internal.InternalFactoryToProviderAdapter.get(InternalFactoryToProviderAdapter.java:45)
	at com.google.inject.internal.SingleParameterInjector.inject(SingleParameterInjector.java:40)
	at com.google.inject.internal.SingleParameterInjector.getAll(SingleParameterInjector.java:60)
	at com.google.inject.internal.ConstructorInjector.provision(ConstructorInjector.java:113)
	at com.google.inject.internal.ConstructorInjector.access$000(ConstructorInjector.java:33)
	at com.google.inject.internal.ConstructorInjector$1.call(ConstructorInjector.java:98)
	at com.google.inject.internal.ProvisionListenerStackCallback$Provision.provision(ProvisionListenerStackCallback.java:109)
	at com.aws.greengrass.testing.modules.AWSResourcesCleanupModule$CleanupProvisioner.onProvision(AWSResourcesCleanupModule.java:69)
	at com.google.inject.internal.ProvisionListenerStackCallback$Provision.provision(ProvisionListenerStackCallback.java:117)
	at com.google.inject.internal.ProvisionListenerStackCallback.provision(ProvisionListenerStackCallback.java:66)
	at com.google.inject.internal.ConstructorInjector.construct(ConstructorInjector.java:93)
	at com.google.inject.internal.ConstructorBindingImpl$Factory.get(ConstructorBindingImpl.java:296)
	at com.google.inject.internal.ProviderToInternalFactoryAdapter.get(ProviderToInternalFactoryAdapter.java:40)
	at io.cucumber.guice.SequentialScenarioScope.lambda$scope$0(SequentialScenarioScope.java:38)
	at com.google.inject.internal.InternalFactoryToProviderAdapter.get(InternalFactoryToProviderAdapter.java:45)
	at com.google.inject.internal.InjectorImpl$1.get(InjectorImpl.java:1100)
	... 28 more
]]></failure>
</testcase>
<testcase classname="Testing Cloud component in Greengrass" name="As a developer, I can create a component in Cloud and deploy it on my device via thing group" time="0.011">
<failure message="Unable to provision, see the following errors:&#13;&#10;&#13;&#10;1) [Guice/ErrorInCustomProvider]: IllegalArgumentException: Parameter ggc.archive is required if not testing against pre-installed versions of Greengrass on the device.&#13;&#10;  at GreengrassContextModule.providesNucleusContext(GreengrassContextModule.java:88)&#13;&#10;  at TestContextModule.providesTestContext(TestContextModule.java:77)&#13;&#10;      \_ for 5th parameter&#13;&#10;  at TestContextModule.providesTestContext(TestContextModule.java:77)&#13;&#10;  at LoggerSteps.&lt;init&gt;(LoggerSteps.java:28)&#13;&#10;      \_ for 1st parameter&#13;&#10;  at LoggerSteps.class(LoggerSteps.java:23)&#13;&#10;  while locating LoggerSteps&#13;&#10;&#13;&#10;Learn more:&#13;&#10;  https://github.com/google/guice/wiki/ERROR_IN_CUSTOM_PROVIDER&#13;&#10;&#13;&#10;1 error&#10;&#10;======================&#10;Full classname legend:&#10;======================&#10;GreengrassContextModule:  &quot;com.aws.greengrass.testing.modules.GreengrassContextModule&quot;&#10;LoggerSteps:              &quot;com.aws.greengrass.testing.features.LoggerSteps&quot;&#10;TestContextModule:        &quot;com.aws.greengrass.testing.modules.TestContextModule&quot;&#10;========================&#10;End of classname legend:&#10;========================&#10;" type="com.google.inject.ProvisionException"><![CDATA[Given my device is registered as a Thing....................................skipped
And my device is running Greengrass.........................................skipped
When I create a Greengrass deployment with components.......................skipped
And I deploy the Greengrass deployment configuration to thing group.........skipped
Then the Greengrass deployment is COMPLETED on the device after 180 seconds.skipped
And the com.aws.HelloWorld log on the device contains the line "Hello World!!" within 20 seconds.skipped
When I create a Greengrass deployment with components.......................skipped
And I deploy the Greengrass deployment configuration to thing group.........skipped
Then the Greengrass deployment is COMPLETED on the device after 180 seconds.skipped
And the com.aws.HelloWorld log on the device contains the line "Hello World Updated!!" within 20 seconds.skipped

StackTrace:
com.google.inject.ProvisionException: Unable to provision, see the following errors:

1) [Guice/ErrorInCustomProvider]: IllegalArgumentException: Parameter ggc.archive is required if not testing against pre-installed versions of Greengrass on the device.
  at GreengrassContextModule.providesNucleusContext(GreengrassContextModule.java:88)
  at TestContextModule.providesTestContext(TestContextModule.java:77)
      \_ for 5th parameter
  at TestContextModule.providesTestContext(TestContextModule.java:77)
  at LoggerSteps.<init>(LoggerSteps.java:28)
      \_ for 1st parameter
  at LoggerSteps.class(LoggerSteps.java:23)
  while locating LoggerSteps

Learn more:
  https://github.com/google/guice/wiki/ERROR_IN_CUSTOM_PROVIDER

1 error

======================
Full classname legend:
======================
GreengrassContextModule:  "com.aws.greengrass.testing.modules.GreengrassContextModule"
LoggerSteps:              "com.aws.greengrass.testing.features.LoggerSteps"
TestContextModule:        "com.aws.greengrass.testing.modules.TestContextModule"
========================
End of classname legend:
========================

	at com.google.inject.internal.InternalProvisionException.toProvisionException(InternalProvisionException.java:251)
	at com.google.inject.internal.InjectorImpl$1.get(InjectorImpl.java:1103)
	at com.google.inject.internal.InjectorImpl.getInstance(InjectorImpl.java:1138)
	at io.cucumber.guice.GuiceFactory.getInstance(GuiceFactory.java:43)
	at io.cucumber.java.JavaHookDefinition.execute(JavaHookDefinition.java:61)
	at io.cucumber.core.runner.CoreHookDefinition.execute(CoreHookDefinition.java:31)
	at io.cucumber.core.runner.HookDefinitionMatch.runStep(HookDefinitionMatch.java:20)
	at io.cucumber.core.runner.TestStep.executeStep(TestStep.java:64)
	at io.cucumber.core.runner.TestStep.run(TestStep.java:49)
	at io.cucumber.core.runner.TestCase.run(TestCase.java:47)
	at io.cucumber.core.runner.Runner.runPickle(Runner.java:67)
	at io.cucumber.core.runtime.Runtime.lambda$run$2(Runtime.java:100)
	at java.util.concurrent.Executors$RunnableAdapter.call(Unknown Source)
	at java.util.concurrent.FutureTask.run(Unknown Source)
	at io.cucumber.core.runtime.Runtime$SameThreadExecutorService.execute(Runtime.java:243)
	at java.util.concurrent.AbstractExecutorService.submit(Unknown Source)
	at io.cucumber.core.runtime.Runtime.lambda$run$3(Runtime.java:100)
	at java.util.stream.ReferencePipeline$3$1.accept(Unknown Source)
	at java.util.stream.SliceOps$1$1.accept(Unknown Source)
	at java.util.ArrayList$ArrayListSpliterator.tryAdvance(Unknown Source)
	at java.util.stream.ReferencePipeline.forEachWithCancel(Unknown Source)
	at java.util.stream.AbstractPipeline.copyIntoWithCancel(Unknown Source)
	at java.util.stream.AbstractPipeline.copyInto(Unknown Source)
	at java.util.stream.AbstractPipeline.wrapAndCopyInto(Unknown Source)
	at java.util.stream.ReduceOps$ReduceOp.evaluateSequential(Unknown Source)
	at java.util.stream.AbstractPipeline.evaluate(Unknown Source)
	at java.util.stream.ReferencePipeline.collect(Unknown Source)
	at io.cucumber.core.runtime.Runtime.run(Runtime.java:101)
	at com.aws.greengrass.testing.launcher.TestLauncher.runTests(TestLauncher.java:184)
	at com.aws.greengrass.testing.launcher.TestLauncher.main(TestLauncher.java:120)
Caused by: java.lang.IllegalArgumentException: Parameter ggc.archive is required if not testing against pre-installed versions of Greengrass on the device.
	at com.aws.greengrass.testing.modules.GreengrassContextModule.lambda$providesNucleusContext$1(GreengrassContextModule.java:102)
	at java.util.Optional.orElseThrow(Unknown Source)
	at com.aws.greengrass.testing.modules.GreengrassContextModule.providesNucleusContext(GreengrassContextModule.java:102)
	at com.aws.greengrass.testing.modules.GreengrassContextModule$$FastClassByGuice$$7757270.GUICE$TRAMPOLINE(<generated>)
	at com.aws.greengrass.testing.modules.GreengrassContextModule$$FastClassByGuice$$7757270.apply(<generated>)
	at com.google.inject.internal.ProviderMethod$FastClassProviderMethod.doProvision(ProviderMethod.java:260)
	at com.google.inject.internal.ProviderMethod.doProvision(ProviderMethod.java:171)
	at com.google.inject.internal.InternalProviderInstanceBindingImpl$CyclicFactory.provision(InternalProviderInstanceBindingImpl.java:185)
	at com.google.inject.internal.InternalProviderInstanceBindingImpl$CyclicFactory.access$300(InternalProviderInstanceBindingImpl.java:139)
	at com.google.inject.internal.InternalProviderInstanceBindingImpl$CyclicFactory$1.call(InternalProviderInstanceBindingImpl.java:169)
	at com.google.inject.internal.ProvisionListenerStackCallback$Provision.provision(ProvisionListenerStackCallback.java:109)
	at com.aws.greengrass.testing.modules.AWSResourcesCleanupModule$CleanupProvisioner.onProvision(AWSResourcesCleanupModule.java:69)
	at com.google.inject.internal.ProvisionListenerStackCallback$Provision.provision(ProvisionListenerStackCallback.java:117)
	at com.google.inject.internal.ProvisionListenerStackCallback.provision(ProvisionListenerStackCallback.java:66)
	at com.google.inject.internal.InternalProviderInstanceBindingImpl$CyclicFactory.get(InternalProviderInstanceBindingImpl.java:164)
	at com.google.inject.internal.ProviderToInternalFactoryAdapter.get(ProviderToInternalFactoryAdapter.java:40)
	at com.google.inject.internal.SingletonScope$1.get(SingletonScope.java:169)
	at com.google.inject.internal.InternalFactoryToProviderAdapter.get(InternalFactoryToProviderAdapter.java:45)
	at com.google.inject.internal.SingleParameterInjector.inject(SingleParameterInjector.java:40)
	at com.google.inject.internal.SingleParameterInjector.getAll(SingleParameterInjector.java:60)
	at com.google.inject.internal.ProviderMethod.doProvision(ProviderMethod.java:171)
	at com.google.inject.internal.InternalProviderInstanceBindingImpl$CyclicFactory.provision(InternalProviderInstanceBindingImpl.java:185)
	at com.google.inject.internal.InternalProviderInstanceBindingImpl$CyclicFactory.access$300(InternalProviderInstanceBindingImpl.java:139)
	at com.google.inject.internal.InternalProviderInstanceBindingImpl$CyclicFactory$1.call(InternalProviderInstanceBindingImpl.java:169)
	at com.google.inject.internal.ProvisionListenerStackCallback$Provision.provision(ProvisionListenerStackCallback.java:109)
	at com.aws.greengrass.testing.modules.AWSResourcesCleanupModule$CleanupProvisioner.onProvision(AWSResourcesCleanupModule.java:69)
	at com.google.inject.internal.ProvisionListenerStackCallback$Provision.provision(ProvisionListenerStackCallback.java:117)
	at com.google.inject.internal.ProvisionListenerStackCallback.provision(ProvisionListenerStackCallback.java:66)
	at com.google.inject.internal.InternalProviderInstanceBindingImpl$CyclicFactory.get(InternalProviderInstanceBindingImpl.java:164)
	at com.google.inject.internal.ProviderToInternalFactoryAdapter.get(ProviderToInternalFactoryAdapter.java:40)
	at io.cucumber.guice.SequentialScenarioScope.lambda$scope$0(SequentialScenarioScope.java:38)
	at com.google.inject.internal.InternalFactoryToProviderAdapter.get(InternalFactoryToProviderAdapter.java:45)
	at com.google.inject.internal.SingleParameterInjector.inject(SingleParameterInjector.java:40)
	at com.google.inject.internal.SingleParameterInjector.getAll(SingleParameterInjector.java:60)
	at com.google.inject.internal.ConstructorInjector.provision(ConstructorInjector.java:113)
	at com.google.inject.internal.ConstructorInjector.access$000(ConstructorInjector.java:33)
	at com.google.inject.internal.ConstructorInjector$1.call(ConstructorInjector.java:98)
	at com.google.inject.internal.ProvisionListenerStackCallback$Provision.provision(ProvisionListenerStackCallback.java:109)
	at com.aws.greengrass.testing.modules.AWSResourcesCleanupModule$CleanupProvisioner.onProvision(AWSResourcesCleanupModule.java:69)
	at com.google.inject.internal.ProvisionListenerStackCallback$Provision.provision(ProvisionListenerStackCallback.java:117)
	at com.google.inject.internal.ProvisionListenerStackCallback.provision(ProvisionListenerStackCallback.java:66)
	at com.google.inject.internal.ConstructorInjector.construct(ConstructorInjector.java:93)
	at com.google.inject.internal.ConstructorBindingImpl$Factory.get(ConstructorBindingImpl.java:296)
	at com.google.inject.internal.ProviderToInternalFactoryAdapter.get(ProviderToInternalFactoryAdapter.java:40)
	at io.cucumber.guice.SequentialScenarioScope.lambda$scope$0(SequentialScenarioScope.java:38)
	at com.google.inject.internal.InternalFactoryToProviderAdapter.get(InternalFactoryToProviderAdapter.java:45)
	at com.google.inject.internal.InjectorImpl$1.get(InjectorImpl.java:1100)
	... 28 more
]]></failure>
</testcase>
<testcase classname="Testing Cloud component in Greengrass" name="As a developer, I can create a component in Cloud and deploy it on my device" time="0.01">
<failure message="Unable to provision, see the following errors:&#13;&#10;&#13;&#10;1) [Guice/ErrorInCustomProvider]: IllegalArgumentException: Parameter ggc.archive is required if not testing against pre-installed versions of Greengrass on the device.&#13;&#10;  at GreengrassContextModule.providesNucleusContext(GreengrassContextModule.java:88)&#13;&#10;  at TestContextModule.providesTestContext(TestContextModule.java:77)&#13;&#10;      \_ for 5th parameter&#13;&#10;  at TestContextModule.providesTestContext(TestContextModule.java:77)&#13;&#10;  at LoggerSteps.&lt;init&gt;(LoggerSteps.java:28)&#13;&#10;      \_ for 1st parameter&#13;&#10;  at LoggerSteps.class(LoggerSteps.java:23)&#13;&#10;  while locating LoggerSteps&#13;&#10;&#13;&#10;Learn more:&#13;&#10;  https://github.com/google/guice/wiki/ERROR_IN_CUSTOM_PROVIDER&#13;&#10;&#13;&#10;1 error&#10;&#10;======================&#10;Full classname legend:&#10;======================&#10;GreengrassContextModule:  &quot;com.aws.greengrass.testing.modules.GreengrassContextModule&quot;&#10;LoggerSteps:              &quot;com.aws.greengrass.testing.features.LoggerSteps&quot;&#10;TestContextModule:        &quot;com.aws.greengrass.testing.modules.TestContextModule&quot;&#10;========================&#10;End of classname legend:&#10;========================&#10;" type="com.google.inject.ProvisionException"><![CDATA[Given my device is registered as a Thing....................................skipped
And my device is running Greengrass.........................................skipped
When I create a Greengrass deployment with components.......................skipped
And I deploy the Greengrass deployment configuration........................skipped
Then the Greengrass deployment is COMPLETED on the device after 180 seconds.skipped
And the com.aws.HelloWorld log on the device contains the line "Hello World!!" within 20 seconds.skipped
When I create a Greengrass deployment with components.......................skipped
And I deploy the Greengrass deployment configuration........................skipped
Then the Greengrass deployment is COMPLETED on the device after 180 seconds.skipped
And the com.aws.HelloWorld log on the device contains the line "Hello World Updated!!" within 20 seconds.skipped

StackTrace:
com.google.inject.ProvisionException: Unable to provision, see the following errors:

1) [Guice/ErrorInCustomProvider]: IllegalArgumentException: Parameter ggc.archive is required if not testing against pre-installed versions of Greengrass on the device.
  at GreengrassContextModule.providesNucleusContext(GreengrassContextModule.java:88)
  at TestContextModule.providesTestContext(TestContextModule.java:77)
      \_ for 5th parameter
  at TestContextModule.providesTestContext(TestContextModule.java:77)
  at LoggerSteps.<init>(LoggerSteps.java:28)
      \_ for 1st parameter
  at LoggerSteps.class(LoggerSteps.java:23)
  while locating LoggerSteps

Learn more:
  https://github.com/google/guice/wiki/ERROR_IN_CUSTOM_PROVIDER

1 error

======================
Full classname legend:
======================
GreengrassContextModule:  "com.aws.greengrass.testing.modules.GreengrassContextModule"
LoggerSteps:              "com.aws.greengrass.testing.features.LoggerSteps"
TestContextModule:        "com.aws.greengrass.testing.modules.TestContextModule"
========================
End of classname legend:
========================

	at com.google.inject.internal.InternalProvisionException.toProvisionException(InternalProvisionException.java:251)
	at com.google.inject.internal.InjectorImpl$1.get(InjectorImpl.java:1103)
	at com.google.inject.internal.InjectorImpl.getInstance(InjectorImpl.java:1138)
	at io.cucumber.guice.GuiceFactory.getInstance(GuiceFactory.java:43)
	at io.cucumber.java.JavaHookDefinition.execute(JavaHookDefinition.java:61)
	at io.cucumber.core.runner.CoreHookDefinition.execute(CoreHookDefinition.java:31)
	at io.cucumber.core.runner.HookDefinitionMatch.runStep(HookDefinitionMatch.java:20)
	at io.cucumber.core.runner.TestStep.executeStep(TestStep.java:64)
	at io.cucumber.core.runner.TestStep.run(TestStep.java:49)
	at io.cucumber.core.runner.TestCase.run(TestCase.java:47)
	at io.cucumber.core.runner.Runner.runPickle(Runner.java:67)
	at io.cucumber.core.runtime.Runtime.lambda$run$2(Runtime.java:100)
	at java.util.concurrent.Executors$RunnableAdapter.call(Unknown Source)
	at java.util.concurrent.FutureTask.run(Unknown Source)
	at io.cucumber.core.runtime.Runtime$SameThreadExecutorService.execute(Runtime.java:243)
	at java.util.concurrent.AbstractExecutorService.submit(Unknown Source)
	at io.cucumber.core.runtime.Runtime.lambda$run$3(Runtime.java:100)
	at java.util.stream.ReferencePipeline$3$1.accept(Unknown Source)
	at java.util.stream.SliceOps$1$1.accept(Unknown Source)
	at java.util.ArrayList$ArrayListSpliterator.tryAdvance(Unknown Source)
	at java.util.stream.ReferencePipeline.forEachWithCancel(Unknown Source)
	at java.util.stream.AbstractPipeline.copyIntoWithCancel(Unknown Source)
	at java.util.stream.AbstractPipeline.copyInto(Unknown Source)
	at java.util.stream.AbstractPipeline.wrapAndCopyInto(Unknown Source)
	at java.util.stream.ReduceOps$ReduceOp.evaluateSequential(Unknown Source)
	at java.util.stream.AbstractPipeline.evaluate(Unknown Source)
	at java.util.stream.ReferencePipeline.collect(Unknown Source)
	at io.cucumber.core.runtime.Runtime.run(Runtime.java:101)
	at com.aws.greengrass.testing.launcher.TestLauncher.runTests(TestLauncher.java:184)
	at com.aws.greengrass.testing.launcher.TestLauncher.main(TestLauncher.java:120)
Caused by: java.lang.IllegalArgumentException: Parameter ggc.archive is required if not testing against pre-installed versions of Greengrass on the device.
	at com.aws.greengrass.testing.modules.GreengrassContextModule.lambda$providesNucleusContext$1(GreengrassContextModule.java:102)
	at java.util.Optional.orElseThrow(Unknown Source)
	at com.aws.greengrass.testing.modules.GreengrassContextModule.providesNucleusContext(GreengrassContextModule.java:102)
	at com.aws.greengrass.testing.modules.GreengrassContextModule$$FastClassByGuice$$7757270.GUICE$TRAMPOLINE(<generated>)
	at com.aws.greengrass.testing.modules.GreengrassContextModule$$FastClassByGuice$$7757270.apply(<generated>)
	at com.google.inject.internal.ProviderMethod$FastClassProviderMethod.doProvision(ProviderMethod.java:260)
	at com.google.inject.internal.ProviderMethod.doProvision(ProviderMethod.java:171)
	at com.google.inject.internal.InternalProviderInstanceBindingImpl$CyclicFactory.provision(InternalProviderInstanceBindingImpl.java:185)
	at com.google.inject.internal.InternalProviderInstanceBindingImpl$CyclicFactory.access$300(InternalProviderInstanceBindingImpl.java:139)
	at com.google.inject.internal.InternalProviderInstanceBindingImpl$CyclicFactory$1.call(InternalProviderInstanceBindingImpl.java:169)
	at com.google.inject.internal.ProvisionListenerStackCallback$Provision.provision(ProvisionListenerStackCallback.java:109)
	at com.aws.greengrass.testing.modules.AWSResourcesCleanupModule$CleanupProvisioner.onProvision(AWSResourcesCleanupModule.java:69)
	at com.google.inject.internal.ProvisionListenerStackCallback$Provision.provision(ProvisionListenerStackCallback.java:117)
	at com.google.inject.internal.ProvisionListenerStackCallback.provision(ProvisionListenerStackCallback.java:66)
	at com.google.inject.internal.InternalProviderInstanceBindingImpl$CyclicFactory.get(InternalProviderInstanceBindingImpl.java:164)
	at com.google.inject.internal.ProviderToInternalFactoryAdapter.get(ProviderToInternalFactoryAdapter.java:40)
	at com.google.inject.internal.SingletonScope$1.get(SingletonScope.java:169)
	at com.google.inject.internal.InternalFactoryToProviderAdapter.get(InternalFactoryToProviderAdapter.java:45)
	at com.google.inject.internal.SingleParameterInjector.inject(SingleParameterInjector.java:40)
	at com.google.inject.internal.SingleParameterInjector.getAll(SingleParameterInjector.java:60)
	at com.google.inject.internal.ProviderMethod.doProvision(ProviderMethod.java:171)
	at com.google.inject.internal.InternalProviderInstanceBindingImpl$CyclicFactory.provision(InternalProviderInstanceBindingImpl.java:185)
	at com.google.inject.internal.InternalProviderInstanceBindingImpl$CyclicFactory.access$300(InternalProviderInstanceBindingImpl.java:139)
	at com.google.inject.internal.InternalProviderInstanceBindingImpl$CyclicFactory$1.call(InternalProviderInstanceBindingImpl.java:169)
	at com.google.inject.internal.ProvisionListenerStackCallback$Provision.provision(ProvisionListenerStackCallback.java:109)
	at com.aws.greengrass.testing.modules.AWSResourcesCleanupModule$CleanupProvisioner.onProvision(AWSResourcesCleanupModule.java:69)
	at com.google.inject.internal.ProvisionListenerStackCallback$Provision.provision(ProvisionListenerStackCallback.java:117)
	at com.google.inject.internal.ProvisionListenerStackCallback.provision(ProvisionListenerStackCallback.java:66)
	at com.google.inject.internal.InternalProviderInstanceBindingImpl$CyclicFactory.get(InternalProviderInstanceBindingImpl.java:164)
	at com.google.inject.internal.ProviderToInternalFactoryAdapter.get(ProviderToInternalFactoryAdapter.java:40)
	at io.cucumber.guice.SequentialScenarioScope.lambda$scope$0(SequentialScenarioScope.java:38)
	at com.google.inject.internal.InternalFactoryToProviderAdapter.get(InternalFactoryToProviderAdapter.java:45)
	at com.google.inject.internal.SingleParameterInjector.inject(SingleParameterInjector.java:40)
	at com.google.inject.internal.SingleParameterInjector.getAll(SingleParameterInjector.java:60)
	at com.google.inject.internal.ConstructorInjector.provision(ConstructorInjector.java:113)
	at com.google.inject.internal.ConstructorInjector.access$000(ConstructorInjector.java:33)
	at com.google.inject.internal.ConstructorInjector$1.call(ConstructorInjector.java:98)
	at com.google.inject.internal.ProvisionListenerStackCallback$Provision.provision(ProvisionListenerStackCallback.java:109)
	at com.aws.greengrass.testing.modules.AWSResourcesCleanupModule$CleanupProvisioner.onProvision(AWSResourcesCleanupModule.java:69)
	at com.google.inject.internal.ProvisionListenerStackCallback$Provision.provision(ProvisionListenerStackCallback.java:117)
	at com.google.inject.internal.ProvisionListenerStackCallback.provision(ProvisionListenerStackCallback.java:66)
	at com.google.inject.internal.ConstructorInjector.construct(ConstructorInjector.java:93)
	at com.google.inject.internal.ConstructorBindingImpl$Factory.get(ConstructorBindingImpl.java:296)
	at com.google.inject.internal.ProviderToInternalFactoryAdapter.get(ProviderToInternalFactoryAdapter.java:40)
	at io.cucumber.guice.SequentialScenarioScope.lambda$scope$0(SequentialScenarioScope.java:38)
	at com.google.inject.internal.InternalFactoryToProviderAdapter.get(InternalFactoryToProviderAdapter.java:45)
	at com.google.inject.internal.InjectorImpl$1.get(InjectorImpl.java:1100)
	... 28 more
]]></failure>
</testcase>
<testcase classname="Greengrass V2 Docker Component" name="I can deploy Docker containers as Greengrass Components" time="0.011">
<failure message="Unable to provision, see the following errors:&#13;&#10;&#13;&#10;1) [Guice/ErrorInCustomProvider]: IllegalArgumentException: Parameter ggc.archive is required if not testing against pre-installed versions of Greengrass on the device.&#13;&#10;  at GreengrassContextModule.providesNucleusContext(GreengrassContextModule.java:88)&#13;&#10;  at TestContextModule.providesTestContext(TestContextModule.java:77)&#13;&#10;      \_ for 5th parameter&#13;&#10;  at TestContextModule.providesTestContext(TestContextModule.java:77)&#13;&#10;  at LoggerSteps.&lt;init&gt;(LoggerSteps.java:28)&#13;&#10;      \_ for 1st parameter&#13;&#10;  at LoggerSteps.class(LoggerSteps.java:23)&#13;&#10;  while locating LoggerSteps&#13;&#10;&#13;&#10;Learn more:&#13;&#10;  https://github.com/google/guice/wiki/ERROR_IN_CUSTOM_PROVIDER&#13;&#10;&#13;&#10;1 error&#10;&#10;======================&#10;Full classname legend:&#10;======================&#10;GreengrassContextModule:  &quot;com.aws.greengrass.testing.modules.GreengrassContextModule&quot;&#10;LoggerSteps:              &quot;com.aws.greengrass.testing.features.LoggerSteps&quot;&#10;TestContextModule:        &quot;com.aws.greengrass.testing.modules.TestContextModule&quot;&#10;========================&#10;End of classname legend:&#10;========================&#10;" type="com.google.inject.ProvisionException"><![CDATA[Given my device is registered as a Thing....................................skipped
And my device is running Greengrass.........................................skipped
Given the docker image public.ecr.aws/aws-ec2/amazon-ec2-metadata-mock:v1.10.1 does not exist on the device.skipped
And I create a Greengrass deployment with components........................skipped
When I deploy the Greengrass deployment configuration.......................skipped
Then the Greengrass deployment is COMPLETED on the device after 2 minutes...skipped
And I can check that the docker image public.ecr.aws/aws-ec2/amazon-ec2-metadata-mock:v1.10.1 exists on the device.skipped

StackTrace:
com.google.inject.ProvisionException: Unable to provision, see the following errors:

1) [Guice/ErrorInCustomProvider]: IllegalArgumentException: Parameter ggc.archive is required if not testing against pre-installed versions of Greengrass on the device.
  at GreengrassContextModule.providesNucleusContext(GreengrassContextModule.java:88)
  at TestContextModule.providesTestContext(TestContextModule.java:77)
      \_ for 5th parameter
  at TestContextModule.providesTestContext(TestContextModule.java:77)
  at LoggerSteps.<init>(LoggerSteps.java:28)
      \_ for 1st parameter
  at LoggerSteps.class(LoggerSteps.java:23)
  while locating LoggerSteps

Learn more:
  https://github.com/google/guice/wiki/ERROR_IN_CUSTOM_PROVIDER

1 error

======================
Full classname legend:
======================
GreengrassContextModule:  "com.aws.greengrass.testing.modules.GreengrassContextModule"
LoggerSteps:              "com.aws.greengrass.testing.features.LoggerSteps"
TestContextModule:        "com.aws.greengrass.testing.modules.TestContextModule"
========================
End of classname legend:
========================

	at com.google.inject.internal.InternalProvisionException.toProvisionException(InternalProvisionException.java:251)
	at com.google.inject.internal.InjectorImpl$1.get(InjectorImpl.java:1103)
	at com.google.inject.internal.InjectorImpl.getInstance(InjectorImpl.java:1138)
	at io.cucumber.guice.GuiceFactory.getInstance(GuiceFactory.java:43)
	at io.cucumber.java.JavaHookDefinition.execute(JavaHookDefinition.java:61)
	at io.cucumber.core.runner.CoreHookDefinition.execute(CoreHookDefinition.java:31)
	at io.cucumber.core.runner.HookDefinitionMatch.runStep(HookDefinitionMatch.java:20)
	at io.cucumber.core.runner.TestStep.executeStep(TestStep.java:64)
	at io.cucumber.core.runner.TestStep.run(TestStep.java:49)
	at io.cucumber.core.runner.TestCase.run(TestCase.java:47)
	at io.cucumber.core.runner.Runner.runPickle(Runner.java:67)
	at io.cucumber.core.runtime.Runtime.lambda$run$2(Runtime.java:100)
	at java.util.concurrent.Executors$RunnableAdapter.call(Unknown Source)
	at java.util.concurrent.FutureTask.run(Unknown Source)
	at io.cucumber.core.runtime.Runtime$SameThreadExecutorService.execute(Runtime.java:243)
	at java.util.concurrent.AbstractExecutorService.submit(Unknown Source)
	at io.cucumber.core.runtime.Runtime.lambda$run$3(Runtime.java:100)
	at java.util.stream.ReferencePipeline$3$1.accept(Unknown Source)
	at java.util.stream.SliceOps$1$1.accept(Unknown Source)
	at java.util.ArrayList$ArrayListSpliterator.tryAdvance(Unknown Source)
	at java.util.stream.ReferencePipeline.forEachWithCancel(Unknown Source)
	at java.util.stream.AbstractPipeline.copyIntoWithCancel(Unknown Source)
	at java.util.stream.AbstractPipeline.copyInto(Unknown Source)
	at java.util.stream.AbstractPipeline.wrapAndCopyInto(Unknown Source)
	at java.util.stream.ReduceOps$ReduceOp.evaluateSequential(Unknown Source)
	at java.util.stream.AbstractPipeline.evaluate(Unknown Source)
	at java.util.stream.ReferencePipeline.collect(Unknown Source)
	at io.cucumber.core.runtime.Runtime.run(Runtime.java:101)
	at com.aws.greengrass.testing.launcher.TestLauncher.runTests(TestLauncher.java:184)
	at com.aws.greengrass.testing.launcher.TestLauncher.main(TestLauncher.java:120)
Caused by: java.lang.IllegalArgumentException: Parameter ggc.archive is required if not testing against pre-installed versions of Greengrass on the device.
	at com.aws.greengrass.testing.modules.GreengrassContextModule.lambda$providesNucleusContext$1(GreengrassContextModule.java:102)
	at java.util.Optional.orElseThrow(Unknown Source)
	at com.aws.greengrass.testing.modules.GreengrassContextModule.providesNucleusContext(GreengrassContextModule.java:102)
	at com.aws.greengrass.testing.modules.GreengrassContextModule$$FastClassByGuice$$7757270.GUICE$TRAMPOLINE(<generated>)
	at com.aws.greengrass.testing.modules.GreengrassContextModule$$FastClassByGuice$$7757270.apply(<generated>)
	at com.google.inject.internal.ProviderMethod$FastClassProviderMethod.doProvision(ProviderMethod.java:260)
	at com.google.inject.internal.ProviderMethod.doProvision(ProviderMethod.java:171)
	at com.google.inject.internal.InternalProviderInstanceBindingImpl$CyclicFactory.provision(InternalProviderInstanceBindingImpl.java:185)
	at com.google.inject.internal.InternalProviderInstanceBindingImpl$CyclicFactory.access$300(InternalProviderInstanceBindingImpl.java:139)
	at com.google.inject.internal.InternalProviderInstanceBindingImpl$CyclicFactory$1.call(InternalProviderInstanceBindingImpl.java:169)
	at com.google.inject.internal.ProvisionListenerStackCallback$Provision.provision(ProvisionListenerStackCallback.java:109)
	at com.aws.greengrass.testing.modules.AWSResourcesCleanupModule$CleanupProvisioner.onProvision(AWSResourcesCleanupModule.java:69)
	at com.google.inject.internal.ProvisionListenerStackCallback$Provision.provision(ProvisionListenerStackCallback.java:117)
	at com.google.inject.internal.ProvisionListenerStackCallback.provision(ProvisionListenerStackCallback.java:66)
	at com.google.inject.internal.InternalProviderInstanceBindingImpl$CyclicFactory.get(InternalProviderInstanceBindingImpl.java:164)
	at com.google.inject.internal.ProviderToInternalFactoryAdapter.get(ProviderToInternalFactoryAdapter.java:40)
	at com.google.inject.internal.SingletonScope$1.get(SingletonScope.java:169)
	at com.google.inject.internal.InternalFactoryToProviderAdapter.get(InternalFactoryToProviderAdapter.java:45)
	at com.google.inject.internal.SingleParameterInjector.inject(SingleParameterInjector.java:40)
	at com.google.inject.internal.SingleParameterInjector.getAll(SingleParameterInjector.java:60)
	at com.google.inject.internal.ProviderMethod.doProvision(ProviderMethod.java:171)
	at com.google.inject.internal.InternalProviderInstanceBindingImpl$CyclicFactory.provision(InternalProviderInstanceBindingImpl.java:185)
	at com.google.inject.internal.InternalProviderInstanceBindingImpl$CyclicFactory.access$300(InternalProviderInstanceBindingImpl.java:139)
	at com.google.inject.internal.InternalProviderInstanceBindingImpl$CyclicFactory$1.call(InternalProviderInstanceBindingImpl.java:169)
	at com.google.inject.internal.ProvisionListenerStackCallback$Provision.provision(ProvisionListenerStackCallback.java:109)
	at com.aws.greengrass.testing.modules.AWSResourcesCleanupModule$CleanupProvisioner.onProvision(AWSResourcesCleanupModule.java:69)
	at com.google.inject.internal.ProvisionListenerStackCallback$Provision.provision(ProvisionListenerStackCallback.java:117)
	at com.google.inject.internal.ProvisionListenerStackCallback.provision(ProvisionListenerStackCallback.java:66)
	at com.google.inject.internal.InternalProviderInstanceBindingImpl$CyclicFactory.get(InternalProviderInstanceBindingImpl.java:164)
	at com.google.inject.internal.ProviderToInternalFactoryAdapter.get(ProviderToInternalFactoryAdapter.java:40)
	at io.cucumber.guice.SequentialScenarioScope.lambda$scope$0(SequentialScenarioScope.java:38)
	at com.google.inject.internal.InternalFactoryToProviderAdapter.get(InternalFactoryToProviderAdapter.java:45)
	at com.google.inject.internal.SingleParameterInjector.inject(SingleParameterInjector.java:40)
	at com.google.inject.internal.SingleParameterInjector.getAll(SingleParameterInjector.java:60)
	at com.google.inject.internal.ConstructorInjector.provision(ConstructorInjector.java:113)
	at com.google.inject.internal.ConstructorInjector.access$000(ConstructorInjector.java:33)
	at com.google.inject.internal.ConstructorInjector$1.call(ConstructorInjector.java:98)
	at com.google.inject.internal.ProvisionListenerStackCallback$Provision.provision(ProvisionListenerStackCallback.java:109)
	at com.aws.greengrass.testing.modules.AWSResourcesCleanupModule$CleanupProvisioner.onProvision(AWSResourcesCleanupModule.java:69)
	at com.google.inject.internal.ProvisionListenerStackCallback$Provision.provision(ProvisionListenerStackCallback.java:117)
	at com.google.inject.internal.ProvisionListenerStackCallback.provision(ProvisionListenerStackCallback.java:66)
	at com.google.inject.internal.ConstructorInjector.construct(ConstructorInjector.java:93)
	at com.google.inject.internal.ConstructorBindingImpl$Factory.get(ConstructorBindingImpl.java:296)
	at com.google.inject.internal.ProviderToInternalFactoryAdapter.get(ProviderToInternalFactoryAdapter.java:40)
	at io.cucumber.guice.SequentialScenarioScope.lambda$scope$0(SequentialScenarioScope.java:38)
	at com.google.inject.internal.InternalFactoryToProviderAdapter.get(InternalFactoryToProviderAdapter.java:45)
	at com.google.inject.internal.InjectorImpl$1.get(InjectorImpl.java:1100)
	... 28 more
]]></failure>
</testcase>
<testcase classname="Testing local deployment using CLI in Greengrass" name="A component is deployed locally using CLI" time="0.009">
<failure message="Unable to provision, see the following errors:&#13;&#10;&#13;&#10;1) [Guice/ErrorInCustomProvider]: IllegalArgumentException: Parameter ggc.archive is required if not testing against pre-installed versions of Greengrass on the device.&#13;&#10;  at GreengrassContextModule.providesNucleusContext(GreengrassContextModule.java:88)&#13;&#10;  at TestContextModule.providesTestContext(TestContextModule.java:77)&#13;&#10;      \_ for 5th parameter&#13;&#10;  at TestContextModule.providesTestContext(TestContextModule.java:77)&#13;&#10;  at LoggerSteps.&lt;init&gt;(LoggerSteps.java:28)&#13;&#10;      \_ for 1st parameter&#13;&#10;  at LoggerSteps.class(LoggerSteps.java:23)&#13;&#10;  while locating LoggerSteps&#13;&#10;&#13;&#10;Learn more:&#13;&#10;  https://github.com/google/guice/wiki/ERROR_IN_CUSTOM_PROVIDER&#13;&#10;&#13;&#10;1 error&#10;&#10;======================&#10;Full classname legend:&#10;======================&#10;GreengrassContextModule:  &quot;com.aws.greengrass.testing.modules.GreengrassContextModule&quot;&#10;LoggerSteps:              &quot;com.aws.greengrass.testing.features.LoggerSteps&quot;&#10;TestContextModule:        &quot;com.aws.greengrass.testing.modules.TestContextModule&quot;&#10;========================&#10;End of classname legend:&#10;========================&#10;" type="com.google.inject.ProvisionException"><![CDATA[Given my device is registered as a Thing....................................skipped
And my device is running Greengrass.........................................skipped
When I create a Greengrass deployment with components.......................skipped
And I deploy the Greengrass deployment configuration........................skipped
Then the Greengrass deployment is COMPLETED on the device after 180 seconds.skipped
Then I verify greengrass-cli is available in greengrass root................skipped
When I create a local deployment with components............................skipped
Then the local Greengrass deployment is SUCCEEDED on the device after 120 seconds.skipped
And the aws.greengrass.LocalHelloWorld log on the device contains the line "Hello World!!" within 20 seconds.skipped

StackTrace:
com.google.inject.ProvisionException: Unable to provision, see the following errors:

1) [Guice/ErrorInCustomProvider]: IllegalArgumentException: Parameter ggc.archive is required if not testing against pre-installed versions of Greengrass on the device.
  at GreengrassContextModule.providesNucleusContext(GreengrassContextModule.java:88)
  at TestContextModule.providesTestContext(TestContextModule.java:77)
      \_ for 5th parameter
  at TestContextModule.providesTestContext(TestContextModule.java:77)
  at LoggerSteps.<init>(LoggerSteps.java:28)
      \_ for 1st parameter
  at LoggerSteps.class(LoggerSteps.java:23)
  while locating LoggerSteps

Learn more:
  https://github.com/google/guice/wiki/ERROR_IN_CUSTOM_PROVIDER

1 error

======================
Full classname legend:
======================
GreengrassContextModule:  "com.aws.greengrass.testing.modules.GreengrassContextModule"
LoggerSteps:              "com.aws.greengrass.testing.features.LoggerSteps"
TestContextModule:        "com.aws.greengrass.testing.modules.TestContextModule"
========================
End of classname legend:
========================

	at com.google.inject.internal.InternalProvisionException.toProvisionException(InternalProvisionException.java:251)
	at com.google.inject.internal.InjectorImpl$1.get(InjectorImpl.java:1103)
	at com.google.inject.internal.InjectorImpl.getInstance(InjectorImpl.java:1138)
	at io.cucumber.guice.GuiceFactory.getInstance(GuiceFactory.java:43)
	at io.cucumber.java.JavaHookDefinition.execute(JavaHookDefinition.java:61)
	at io.cucumber.core.runner.CoreHookDefinition.execute(CoreHookDefinition.java:31)
	at io.cucumber.core.runner.HookDefinitionMatch.runStep(HookDefinitionMatch.java:20)
	at io.cucumber.core.runner.TestStep.executeStep(TestStep.java:64)
	at io.cucumber.core.runner.TestStep.run(TestStep.java:49)
	at io.cucumber.core.runner.TestCase.run(TestCase.java:47)
	at io.cucumber.core.runner.Runner.runPickle(Runner.java:67)
	at io.cucumber.core.runtime.Runtime.lambda$run$2(Runtime.java:100)
	at java.util.concurrent.Executors$RunnableAdapter.call(Unknown Source)
	at java.util.concurrent.FutureTask.run(Unknown Source)
	at io.cucumber.core.runtime.Runtime$SameThreadExecutorService.execute(Runtime.java:243)
	at java.util.concurrent.AbstractExecutorService.submit(Unknown Source)
	at io.cucumber.core.runtime.Runtime.lambda$run$3(Runtime.java:100)
	at java.util.stream.ReferencePipeline$3$1.accept(Unknown Source)
	at java.util.stream.SliceOps$1$1.accept(Unknown Source)
	at java.util.ArrayList$ArrayListSpliterator.tryAdvance(Unknown Source)
	at java.util.stream.ReferencePipeline.forEachWithCancel(Unknown Source)
	at java.util.stream.AbstractPipeline.copyIntoWithCancel(Unknown Source)
	at java.util.stream.AbstractPipeline.copyInto(Unknown Source)
	at java.util.stream.AbstractPipeline.wrapAndCopyInto(Unknown Source)
	at java.util.stream.ReduceOps$ReduceOp.evaluateSequential(Unknown Source)
	at java.util.stream.AbstractPipeline.evaluate(Unknown Source)
	at java.util.stream.ReferencePipeline.collect(Unknown Source)
	at io.cucumber.core.runtime.Runtime.run(Runtime.java:101)
	at com.aws.greengrass.testing.launcher.TestLauncher.runTests(TestLauncher.java:184)
	at com.aws.greengrass.testing.launcher.TestLauncher.main(TestLauncher.java:120)
Caused by: java.lang.IllegalArgumentException: Parameter ggc.archive is required if not testing against pre-installed versions of Greengrass on the device.
	at com.aws.greengrass.testing.modules.GreengrassContextModule.lambda$providesNucleusContext$1(GreengrassContextModule.java:102)
	at java.util.Optional.orElseThrow(Unknown Source)
	at com.aws.greengrass.testing.modules.GreengrassContextModule.providesNucleusContext(GreengrassContextModule.java:102)
	at com.aws.greengrass.testing.modules.GreengrassContextModule$$FastClassByGuice$$7757270.GUICE$TRAMPOLINE(<generated>)
	at com.aws.greengrass.testing.modules.GreengrassContextModule$$FastClassByGuice$$7757270.apply(<generated>)
	at com.google.inject.internal.ProviderMethod$FastClassProviderMethod.doProvision(ProviderMethod.java:260)
	at com.google.inject.internal.ProviderMethod.doProvision(ProviderMethod.java:171)
	at com.google.inject.internal.InternalProviderInstanceBindingImpl$CyclicFactory.provision(InternalProviderInstanceBindingImpl.java:185)
	at com.google.inject.internal.InternalProviderInstanceBindingImpl$CyclicFactory.access$300(InternalProviderInstanceBindingImpl.java:139)
	at com.google.inject.internal.InternalProviderInstanceBindingImpl$CyclicFactory$1.call(InternalProviderInstanceBindingImpl.java:169)
	at com.google.inject.internal.ProvisionListenerStackCallback$Provision.provision(ProvisionListenerStackCallback.java:109)
	at com.aws.greengrass.testing.modules.AWSResourcesCleanupModule$CleanupProvisioner.onProvision(AWSResourcesCleanupModule.java:69)
	at com.google.inject.internal.ProvisionListenerStackCallback$Provision.provision(ProvisionListenerStackCallback.java:117)
	at com.google.inject.internal.ProvisionListenerStackCallback.provision(ProvisionListenerStackCallback.java:66)
	at com.google.inject.internal.InternalProviderInstanceBindingImpl$CyclicFactory.get(InternalProviderInstanceBindingImpl.java:164)
	at com.google.inject.internal.ProviderToInternalFactoryAdapter.get(ProviderToInternalFactoryAdapter.java:40)
	at com.google.inject.internal.SingletonScope$1.get(SingletonScope.java:169)
	at com.google.inject.internal.InternalFactoryToProviderAdapter.get(InternalFactoryToProviderAdapter.java:45)
	at com.google.inject.internal.SingleParameterInjector.inject(SingleParameterInjector.java:40)
	at com.google.inject.internal.SingleParameterInjector.getAll(SingleParameterInjector.java:60)
	at com.google.inject.internal.ProviderMethod.doProvision(ProviderMethod.java:171)
	at com.google.inject.internal.InternalProviderInstanceBindingImpl$CyclicFactory.provision(InternalProviderInstanceBindingImpl.java:185)
	at com.google.inject.internal.InternalProviderInstanceBindingImpl$CyclicFactory.access$300(InternalProviderInstanceBindingImpl.java:139)
	at com.google.inject.internal.InternalProviderInstanceBindingImpl$CyclicFactory$1.call(InternalProviderInstanceBindingImpl.java:169)
	at com.google.inject.internal.ProvisionListenerStackCallback$Provision.provision(ProvisionListenerStackCallback.java:109)
	at com.aws.greengrass.testing.modules.AWSResourcesCleanupModule$CleanupProvisioner.onProvision(AWSResourcesCleanupModule.java:69)
	at com.google.inject.internal.ProvisionListenerStackCallback$Provision.provision(ProvisionListenerStackCallback.java:117)
	at com.google.inject.internal.ProvisionListenerStackCallback.provision(ProvisionListenerStackCallback.java:66)
	at com.google.inject.internal.InternalProviderInstanceBindingImpl$CyclicFactory.get(InternalProviderInstanceBindingImpl.java:164)
	at com.google.inject.internal.ProviderToInternalFactoryAdapter.get(ProviderToInternalFactoryAdapter.java:40)
	at io.cucumber.guice.SequentialScenarioScope.lambda$scope$0(SequentialScenarioScope.java:38)
	at com.google.inject.internal.InternalFactoryToProviderAdapter.get(InternalFactoryToProviderAdapter.java:45)
	at com.google.inject.internal.SingleParameterInjector.inject(SingleParameterInjector.java:40)
	at com.google.inject.internal.SingleParameterInjector.getAll(SingleParameterInjector.java:60)
	at com.google.inject.internal.ConstructorInjector.provision(ConstructorInjector.java:113)
	at com.google.inject.internal.ConstructorInjector.access$000(ConstructorInjector.java:33)
	at com.google.inject.internal.ConstructorInjector$1.call(ConstructorInjector.java:98)
	at com.google.inject.internal.ProvisionListenerStackCallback$Provision.provision(ProvisionListenerStackCallback.java:109)
	at com.aws.greengrass.testing.modules.AWSResourcesCleanupModule$CleanupProvisioner.onProvision(AWSResourcesCleanupModule.java:69)
	at com.google.inject.internal.ProvisionListenerStackCallback$Provision.provision(ProvisionListenerStackCallback.java:117)
	at com.google.inject.internal.ProvisionListenerStackCallback.provision(ProvisionListenerStackCallback.java:66)
	at com.google.inject.internal.ConstructorInjector.construct(ConstructorInjector.java:93)
	at com.google.inject.internal.ConstructorBindingImpl$Factory.get(ConstructorBindingImpl.java:296)
	at com.google.inject.internal.ProviderToInternalFactoryAdapter.get(ProviderToInternalFactoryAdapter.java:40)
	at io.cucumber.guice.SequentialScenarioScope.lambda$scope$0(SequentialScenarioScope.java:38)
	at com.google.inject.internal.InternalFactoryToProviderAdapter.get(InternalFactoryToProviderAdapter.java:45)
	at com.google.inject.internal.InjectorImpl$1.get(InjectorImpl.java:1100)
	... 28 more
]]></failure>
</testcase>
<testcase classname="Greengrass V2 Machine Learning" name="I can receive inference results on an MQTT topic after installing aws.greengrass.DLRImageClassification" time="0.01">
<failure message="Unable to provision, see the following errors:&#13;&#10;&#13;&#10;1) [Guice/ErrorInCustomProvider]: IllegalArgumentException: Parameter ggc.archive is required if not testing against pre-installed versions of Greengrass on the device.&#13;&#10;  at GreengrassContextModule.providesNucleusContext(GreengrassContextModule.java:88)&#13;&#10;  at TestContextModule.providesTestContext(TestContextModule.java:77)&#13;&#10;      \_ for 5th parameter&#13;&#10;  at TestContextModule.providesTestContext(TestContextModule.java:77)&#13;&#10;  at LoggerSteps.&lt;init&gt;(LoggerSteps.java:28)&#13;&#10;      \_ for 1st parameter&#13;&#10;  at LoggerSteps.class(LoggerSteps.java:23)&#13;&#10;  while locating LoggerSteps&#13;&#10;&#13;&#10;Learn more:&#13;&#10;  https://github.com/google/guice/wiki/ERROR_IN_CUSTOM_PROVIDER&#13;&#10;&#13;&#10;1 error&#10;&#10;======================&#10;Full classname legend:&#10;======================&#10;GreengrassContextModule:  &quot;com.aws.greengrass.testing.modules.GreengrassContextModule&quot;&#10;LoggerSteps:              &quot;com.aws.greengrass.testing.features.LoggerSteps&quot;&#10;TestContextModule:        &quot;com.aws.greengrass.testing.modules.TestContextModule&quot;&#10;========================&#10;End of classname legend:&#10;========================&#10;" type="com.google.inject.ProvisionException"><![CDATA[Given my device is registered as a Thing....................................skipped
And my device is running Greengrass.........................................skipped
Given I subscribe to the following IoT MQTT topics..........................skipped
And I create a Greengrass deployment with components........................skipped
When I update my Greengrass deployment configuration, setting the component aws.greengrass.DLRImageClassification configuration to:.skipped
And I deploy the Greengrass deployment configuration........................skipped
Then the Greengrass deployment is COMPLETED on the device after 5 minutes...skipped
And I receive messages on the following IoT MQTT topics after 30 seconds....skipped

StackTrace:
com.google.inject.ProvisionException: Unable to provision, see the following errors:

1) [Guice/ErrorInCustomProvider]: IllegalArgumentException: Parameter ggc.archive is required if not testing against pre-installed versions of Greengrass on the device.
  at GreengrassContextModule.providesNucleusContext(GreengrassContextModule.java:88)
  at TestContextModule.providesTestContext(TestContextModule.java:77)
      \_ for 5th parameter
  at TestContextModule.providesTestContext(TestContextModule.java:77)
  at LoggerSteps.<init>(LoggerSteps.java:28)
      \_ for 1st parameter
  at LoggerSteps.class(LoggerSteps.java:23)
  while locating LoggerSteps

Learn more:
  https://github.com/google/guice/wiki/ERROR_IN_CUSTOM_PROVIDER

1 error

======================
Full classname legend:
======================
GreengrassContextModule:  "com.aws.greengrass.testing.modules.GreengrassContextModule"
LoggerSteps:              "com.aws.greengrass.testing.features.LoggerSteps"
TestContextModule:        "com.aws.greengrass.testing.modules.TestContextModule"
========================
End of classname legend:
========================

	at com.google.inject.internal.InternalProvisionException.toProvisionException(InternalProvisionException.java:251)
	at com.google.inject.internal.InjectorImpl$1.get(InjectorImpl.java:1103)
	at com.google.inject.internal.InjectorImpl.getInstance(InjectorImpl.java:1138)
	at io.cucumber.guice.GuiceFactory.getInstance(GuiceFactory.java:43)
	at io.cucumber.java.JavaHookDefinition.execute(JavaHookDefinition.java:61)
	at io.cucumber.core.runner.CoreHookDefinition.execute(CoreHookDefinition.java:31)
	at io.cucumber.core.runner.HookDefinitionMatch.runStep(HookDefinitionMatch.java:20)
	at io.cucumber.core.runner.TestStep.executeStep(TestStep.java:64)
	at io.cucumber.core.runner.TestStep.run(TestStep.java:49)
	at io.cucumber.core.runner.TestCase.run(TestCase.java:47)
	at io.cucumber.core.runner.Runner.runPickle(Runner.java:67)
	at io.cucumber.core.runtime.Runtime.lambda$run$2(Runtime.java:100)
	at java.util.concurrent.Executors$RunnableAdapter.call(Unknown Source)
	at java.util.concurrent.FutureTask.run(Unknown Source)
	at io.cucumber.core.runtime.Runtime$SameThreadExecutorService.execute(Runtime.java:243)
	at java.util.concurrent.AbstractExecutorService.submit(Unknown Source)
	at io.cucumber.core.runtime.Runtime.lambda$run$3(Runtime.java:100)
	at java.util.stream.ReferencePipeline$3$1.accept(Unknown Source)
	at java.util.stream.SliceOps$1$1.accept(Unknown Source)
	at java.util.ArrayList$ArrayListSpliterator.tryAdvance(Unknown Source)
	at java.util.stream.ReferencePipeline.forEachWithCancel(Unknown Source)
	at java.util.stream.AbstractPipeline.copyIntoWithCancel(Unknown Source)
	at java.util.stream.AbstractPipeline.copyInto(Unknown Source)
	at java.util.stream.AbstractPipeline.wrapAndCopyInto(Unknown Source)
	at java.util.stream.ReduceOps$ReduceOp.evaluateSequential(Unknown Source)
	at java.util.stream.AbstractPipeline.evaluate(Unknown Source)
	at java.util.stream.ReferencePipeline.collect(Unknown Source)
	at io.cucumber.core.runtime.Runtime.run(Runtime.java:101)
	at com.aws.greengrass.testing.launcher.TestLauncher.runTests(TestLauncher.java:184)
	at com.aws.greengrass.testing.launcher.TestLauncher.main(TestLauncher.java:120)
Caused by: java.lang.IllegalArgumentException: Parameter ggc.archive is required if not testing against pre-installed versions of Greengrass on the device.
	at com.aws.greengrass.testing.modules.GreengrassContextModule.lambda$providesNucleusContext$1(GreengrassContextModule.java:102)
	at java.util.Optional.orElseThrow(Unknown Source)
	at com.aws.greengrass.testing.modules.GreengrassContextModule.providesNucleusContext(GreengrassContextModule.java:102)
	at com.aws.greengrass.testing.modules.GreengrassContextModule$$FastClassByGuice$$7757270.GUICE$TRAMPOLINE(<generated>)
	at com.aws.greengrass.testing.modules.GreengrassContextModule$$FastClassByGuice$$7757270.apply(<generated>)
	at com.google.inject.internal.ProviderMethod$FastClassProviderMethod.doProvision(ProviderMethod.java:260)
	at com.google.inject.internal.ProviderMethod.doProvision(ProviderMethod.java:171)
	at com.google.inject.internal.InternalProviderInstanceBindingImpl$CyclicFactory.provision(InternalProviderInstanceBindingImpl.java:185)
	at com.google.inject.internal.InternalProviderInstanceBindingImpl$CyclicFactory.access$300(InternalProviderInstanceBindingImpl.java:139)
	at com.google.inject.internal.InternalProviderInstanceBindingImpl$CyclicFactory$1.call(InternalProviderInstanceBindingImpl.java:169)
	at com.google.inject.internal.ProvisionListenerStackCallback$Provision.provision(ProvisionListenerStackCallback.java:109)
	at com.aws.greengrass.testing.modules.AWSResourcesCleanupModule$CleanupProvisioner.onProvision(AWSResourcesCleanupModule.java:69)
	at com.google.inject.internal.ProvisionListenerStackCallback$Provision.provision(ProvisionListenerStackCallback.java:117)
	at com.google.inject.internal.ProvisionListenerStackCallback.provision(ProvisionListenerStackCallback.java:66)
	at com.google.inject.internal.InternalProviderInstanceBindingImpl$CyclicFactory.get(InternalProviderInstanceBindingImpl.java:164)
	at com.google.inject.internal.ProviderToInternalFactoryAdapter.get(ProviderToInternalFactoryAdapter.java:40)
	at com.google.inject.internal.SingletonScope$1.get(SingletonScope.java:169)
	at com.google.inject.internal.InternalFactoryToProviderAdapter.get(InternalFactoryToProviderAdapter.java:45)
	at com.google.inject.internal.SingleParameterInjector.inject(SingleParameterInjector.java:40)
	at com.google.inject.internal.SingleParameterInjector.getAll(SingleParameterInjector.java:60)
	at com.google.inject.internal.ProviderMethod.doProvision(ProviderMethod.java:171)
	at com.google.inject.internal.InternalProviderInstanceBindingImpl$CyclicFactory.provision(InternalProviderInstanceBindingImpl.java:185)
	at com.google.inject.internal.InternalProviderInstanceBindingImpl$CyclicFactory.access$300(InternalProviderInstanceBindingImpl.java:139)
	at com.google.inject.internal.InternalProviderInstanceBindingImpl$CyclicFactory$1.call(InternalProviderInstanceBindingImpl.java:169)
	at com.google.inject.internal.ProvisionListenerStackCallback$Provision.provision(ProvisionListenerStackCallback.java:109)
	at com.aws.greengrass.testing.modules.AWSResourcesCleanupModule$CleanupProvisioner.onProvision(AWSResourcesCleanupModule.java:69)
	at com.google.inject.internal.ProvisionListenerStackCallback$Provision.provision(ProvisionListenerStackCallback.java:117)
	at com.google.inject.internal.ProvisionListenerStackCallback.provision(ProvisionListenerStackCallback.java:66)
	at com.google.inject.internal.InternalProviderInstanceBindingImpl$CyclicFactory.get(InternalProviderInstanceBindingImpl.java:164)
	at com.google.inject.internal.ProviderToInternalFactoryAdapter.get(ProviderToInternalFactoryAdapter.java:40)
	at io.cucumber.guice.SequentialScenarioScope.lambda$scope$0(SequentialScenarioScope.java:38)
	at com.google.inject.internal.InternalFactoryToProviderAdapter.get(InternalFactoryToProviderAdapter.java:45)
	at com.google.inject.internal.SingleParameterInjector.inject(SingleParameterInjector.java:40)
	at com.google.inject.internal.SingleParameterInjector.getAll(SingleParameterInjector.java:60)
	at com.google.inject.internal.ConstructorInjector.provision(ConstructorInjector.java:113)
	at com.google.inject.internal.ConstructorInjector.access$000(ConstructorInjector.java:33)
	at com.google.inject.internal.ConstructorInjector$1.call(ConstructorInjector.java:98)
	at com.google.inject.internal.ProvisionListenerStackCallback$Provision.provision(ProvisionListenerStackCallback.java:109)
	at com.aws.greengrass.testing.modules.AWSResourcesCleanupModule$CleanupProvisioner.onProvision(AWSResourcesCleanupModule.java:69)
	at com.google.inject.internal.ProvisionListenerStackCallback$Provision.provision(ProvisionListenerStackCallback.java:117)
	at com.google.inject.internal.ProvisionListenerStackCallback.provision(ProvisionListenerStackCallback.java:66)
	at com.google.inject.internal.ConstructorInjector.construct(ConstructorInjector.java:93)
	at com.google.inject.internal.ConstructorBindingImpl$Factory.get(ConstructorBindingImpl.java:296)
	at com.google.inject.internal.ProviderToInternalFactoryAdapter.get(ProviderToInternalFactoryAdapter.java:40)
	at io.cucumber.guice.SequentialScenarioScope.lambda$scope$0(SequentialScenarioScope.java:38)
	at com.google.inject.internal.InternalFactoryToProviderAdapter.get(InternalFactoryToProviderAdapter.java:45)
	at com.google.inject.internal.InjectorImpl$1.get(InjectorImpl.java:1100)
	... 28 more
]]></failure>
</testcase>
<testcase classname="Greengrass V2 Machine Learning" name="I can install and run aws.greengrass.DLRImageClassification on my device" time="0.008">
<failure message="Unable to provision, see the following errors:&#13;&#10;&#13;&#10;1) [Guice/ErrorInCustomProvider]: IllegalArgumentException: Parameter ggc.archive is required if not testing against pre-installed versions of Greengrass on the device.&#13;&#10;  at GreengrassContextModule.providesNucleusContext(GreengrassContextModule.java:88)&#13;&#10;  at TestContextModule.providesTestContext(TestContextModule.java:77)&#13;&#10;      \_ for 5th parameter&#13;&#10;  at TestContextModule.providesTestContext(TestContextModule.java:77)&#13;&#10;  at LoggerSteps.&lt;init&gt;(LoggerSteps.java:28)&#13;&#10;      \_ for 1st parameter&#13;&#10;  at LoggerSteps.class(LoggerSteps.java:23)&#13;&#10;  while locating LoggerSteps&#13;&#10;&#13;&#10;Learn more:&#13;&#10;  https://github.com/google/guice/wiki/ERROR_IN_CUSTOM_PROVIDER&#13;&#10;&#13;&#10;1 error&#10;&#10;======================&#10;Full classname legend:&#10;======================&#10;GreengrassContextModule:  &quot;com.aws.greengrass.testing.modules.GreengrassContextModule&quot;&#10;LoggerSteps:              &quot;com.aws.greengrass.testing.features.LoggerSteps&quot;&#10;TestContextModule:        &quot;com.aws.greengrass.testing.modules.TestContextModule&quot;&#10;========================&#10;End of classname legend:&#10;========================&#10;" type="com.google.inject.ProvisionException"><![CDATA[Given my device is registered as a Thing....................................skipped
And my device is running Greengrass.........................................skipped
When I create a Greengrass deployment with components.......................skipped
And I update my Greengrass deployment configuration, setting the component aws.greengrass.DLRImageClassification configuration to:.skipped
And I deploy the Greengrass deployment configuration........................skipped
Then the Greengrass deployment is COMPLETED on the device after 5 minutes...skipped
And the aws.greengrass.DLRImageClassification log on the device contains the line "image-classification" within 30 seconds.skipped

StackTrace:
com.google.inject.ProvisionException: Unable to provision, see the following errors:

1) [Guice/ErrorInCustomProvider]: IllegalArgumentException: Parameter ggc.archive is required if not testing against pre-installed versions of Greengrass on the device.
  at GreengrassContextModule.providesNucleusContext(GreengrassContextModule.java:88)
  at TestContextModule.providesTestContext(TestContextModule.java:77)
      \_ for 5th parameter
  at TestContextModule.providesTestContext(TestContextModule.java:77)
  at LoggerSteps.<init>(LoggerSteps.java:28)
      \_ for 1st parameter
  at LoggerSteps.class(LoggerSteps.java:23)
  while locating LoggerSteps

Learn more:
  https://github.com/google/guice/wiki/ERROR_IN_CUSTOM_PROVIDER

1 error

======================
Full classname legend:
======================
GreengrassContextModule:  "com.aws.greengrass.testing.modules.GreengrassContextModule"
LoggerSteps:              "com.aws.greengrass.testing.features.LoggerSteps"
TestContextModule:        "com.aws.greengrass.testing.modules.TestContextModule"
========================
End of classname legend:
========================

	at com.google.inject.internal.InternalProvisionException.toProvisionException(InternalProvisionException.java:251)
	at com.google.inject.internal.InjectorImpl$1.get(InjectorImpl.java:1103)
	at com.google.inject.internal.InjectorImpl.getInstance(InjectorImpl.java:1138)
	at io.cucumber.guice.GuiceFactory.getInstance(GuiceFactory.java:43)
	at io.cucumber.java.JavaHookDefinition.execute(JavaHookDefinition.java:61)
	at io.cucumber.core.runner.CoreHookDefinition.execute(CoreHookDefinition.java:31)
	at io.cucumber.core.runner.HookDefinitionMatch.runStep(HookDefinitionMatch.java:20)
	at io.cucumber.core.runner.TestStep.executeStep(TestStep.java:64)
	at io.cucumber.core.runner.TestStep.run(TestStep.java:49)
	at io.cucumber.core.runner.TestCase.run(TestCase.java:47)
	at io.cucumber.core.runner.Runner.runPickle(Runner.java:67)
	at io.cucumber.core.runtime.Runtime.lambda$run$2(Runtime.java:100)
	at java.util.concurrent.Executors$RunnableAdapter.call(Unknown Source)
	at java.util.concurrent.FutureTask.run(Unknown Source)
	at io.cucumber.core.runtime.Runtime$SameThreadExecutorService.execute(Runtime.java:243)
	at java.util.concurrent.AbstractExecutorService.submit(Unknown Source)
	at io.cucumber.core.runtime.Runtime.lambda$run$3(Runtime.java:100)
	at java.util.stream.ReferencePipeline$3$1.accept(Unknown Source)
	at java.util.stream.SliceOps$1$1.accept(Unknown Source)
	at java.util.ArrayList$ArrayListSpliterator.tryAdvance(Unknown Source)
	at java.util.stream.ReferencePipeline.forEachWithCancel(Unknown Source)
	at java.util.stream.AbstractPipeline.copyIntoWithCancel(Unknown Source)
	at java.util.stream.AbstractPipeline.copyInto(Unknown Source)
	at java.util.stream.AbstractPipeline.wrapAndCopyInto(Unknown Source)
	at java.util.stream.ReduceOps$ReduceOp.evaluateSequential(Unknown Source)
	at java.util.stream.AbstractPipeline.evaluate(Unknown Source)
	at java.util.stream.ReferencePipeline.collect(Unknown Source)
	at io.cucumber.core.runtime.Runtime.run(Runtime.java:101)
	at com.aws.greengrass.testing.launcher.TestLauncher.runTests(TestLauncher.java:184)
	at com.aws.greengrass.testing.launcher.TestLauncher.main(TestLauncher.java:120)
Caused by: java.lang.IllegalArgumentException: Parameter ggc.archive is required if not testing against pre-installed versions of Greengrass on the device.
	at com.aws.greengrass.testing.modules.GreengrassContextModule.lambda$providesNucleusContext$1(GreengrassContextModule.java:102)
	at java.util.Optional.orElseThrow(Unknown Source)
	at com.aws.greengrass.testing.modules.GreengrassContextModule.providesNucleusContext(GreengrassContextModule.java:102)
	at com.aws.greengrass.testing.modules.GreengrassContextModule$$FastClassByGuice$$7757270.GUICE$TRAMPOLINE(<generated>)
	at com.aws.greengrass.testing.modules.GreengrassContextModule$$FastClassByGuice$$7757270.apply(<generated>)
	at com.google.inject.internal.ProviderMethod$FastClassProviderMethod.doProvision(ProviderMethod.java:260)
	at com.google.inject.internal.ProviderMethod.doProvision(ProviderMethod.java:171)
	at com.google.inject.internal.InternalProviderInstanceBindingImpl$CyclicFactory.provision(InternalProviderInstanceBindingImpl.java:185)
	at com.google.inject.internal.InternalProviderInstanceBindingImpl$CyclicFactory.access$300(InternalProviderInstanceBindingImpl.java:139)
	at com.google.inject.internal.InternalProviderInstanceBindingImpl$CyclicFactory$1.call(InternalProviderInstanceBindingImpl.java:169)
	at com.google.inject.internal.ProvisionListenerStackCallback$Provision.provision(ProvisionListenerStackCallback.java:109)
	at com.aws.greengrass.testing.modules.AWSResourcesCleanupModule$CleanupProvisioner.onProvision(AWSResourcesCleanupModule.java:69)
	at com.google.inject.internal.ProvisionListenerStackCallback$Provision.provision(ProvisionListenerStackCallback.java:117)
	at com.google.inject.internal.ProvisionListenerStackCallback.provision(ProvisionListenerStackCallback.java:66)
	at com.google.inject.internal.InternalProviderInstanceBindingImpl$CyclicFactory.get(InternalProviderInstanceBindingImpl.java:164)
	at com.google.inject.internal.ProviderToInternalFactoryAdapter.get(ProviderToInternalFactoryAdapter.java:40)
	at com.google.inject.internal.SingletonScope$1.get(SingletonScope.java:169)
	at com.google.inject.internal.InternalFactoryToProviderAdapter.get(InternalFactoryToProviderAdapter.java:45)
	at com.google.inject.internal.SingleParameterInjector.inject(SingleParameterInjector.java:40)
	at com.google.inject.internal.SingleParameterInjector.getAll(SingleParameterInjector.java:60)
	at com.google.inject.internal.ProviderMethod.doProvision(ProviderMethod.java:171)
	at com.google.inject.internal.InternalProviderInstanceBindingImpl$CyclicFactory.provision(InternalProviderInstanceBindingImpl.java:185)
	at com.google.inject.internal.InternalProviderInstanceBindingImpl$CyclicFactory.access$300(InternalProviderInstanceBindingImpl.java:139)
	at com.google.inject.internal.InternalProviderInstanceBindingImpl$CyclicFactory$1.call(InternalProviderInstanceBindingImpl.java:169)
	at com.google.inject.internal.ProvisionListenerStackCallback$Provision.provision(ProvisionListenerStackCallback.java:109)
	at com.aws.greengrass.testing.modules.AWSResourcesCleanupModule$CleanupProvisioner.onProvision(AWSResourcesCleanupModule.java:69)
	at com.google.inject.internal.ProvisionListenerStackCallback$Provision.provision(ProvisionListenerStackCallback.java:117)
	at com.google.inject.internal.ProvisionListenerStackCallback.provision(ProvisionListenerStackCallback.java:66)
	at com.google.inject.internal.InternalProviderInstanceBindingImpl$CyclicFactory.get(InternalProviderInstanceBindingImpl.java:164)
	at com.google.inject.internal.ProviderToInternalFactoryAdapter.get(ProviderToInternalFactoryAdapter.java:40)
	at io.cucumber.guice.SequentialScenarioScope.lambda$scope$0(SequentialScenarioScope.java:38)
	at com.google.inject.internal.InternalFactoryToProviderAdapter.get(InternalFactoryToProviderAdapter.java:45)
	at com.google.inject.internal.SingleParameterInjector.inject(SingleParameterInjector.java:40)
	at com.google.inject.internal.SingleParameterInjector.getAll(SingleParameterInjector.java:60)
	at com.google.inject.internal.ConstructorInjector.provision(ConstructorInjector.java:113)
	at com.google.inject.internal.ConstructorInjector.access$000(ConstructorInjector.java:33)
	at com.google.inject.internal.ConstructorInjector$1.call(ConstructorInjector.java:98)
	at com.google.inject.internal.ProvisionListenerStackCallback$Provision.provision(ProvisionListenerStackCallback.java:109)
	at com.aws.greengrass.testing.modules.AWSResourcesCleanupModule$CleanupProvisioner.onProvision(AWSResourcesCleanupModule.java:69)
	at com.google.inject.internal.ProvisionListenerStackCallback$Provision.provision(ProvisionListenerStackCallback.java:117)
	at com.google.inject.internal.ProvisionListenerStackCallback.provision(ProvisionListenerStackCallback.java:66)
	at com.google.inject.internal.ConstructorInjector.construct(ConstructorInjector.java:93)
	at com.google.inject.internal.ConstructorBindingImpl$Factory.get(ConstructorBindingImpl.java:296)
	at com.google.inject.internal.ProviderToInternalFactoryAdapter.get(ProviderToInternalFactoryAdapter.java:40)
	at io.cucumber.guice.SequentialScenarioScope.lambda$scope$0(SequentialScenarioScope.java:38)
	at com.google.inject.internal.InternalFactoryToProviderAdapter.get(InternalFactoryToProviderAdapter.java:45)
	at com.google.inject.internal.InjectorImpl$1.get(InjectorImpl.java:1100)
	... 28 more
]]></failure>
</testcase>
<testcase classname="Greengrass V2 Machine Learning" name="I can receive inference results on an MQTT topic after installing aws.greengrass.TensorFlowLiteImageClassification" time="0.01">
<failure message="Unable to provision, see the following errors:&#13;&#10;&#13;&#10;1) [Guice/ErrorInCustomProvider]: IllegalArgumentException: Parameter ggc.archive is required if not testing against pre-installed versions of Greengrass on the device.&#13;&#10;  at GreengrassContextModule.providesNucleusContext(GreengrassContextModule.java:88)&#13;&#10;  at TestContextModule.providesTestContext(TestContextModule.java:77)&#13;&#10;      \_ for 5th parameter&#13;&#10;  at TestContextModule.providesTestContext(TestContextModule.java:77)&#13;&#10;  at LoggerSteps.&lt;init&gt;(LoggerSteps.java:28)&#13;&#10;      \_ for 1st parameter&#13;&#10;  at LoggerSteps.class(LoggerSteps.java:23)&#13;&#10;  while locating LoggerSteps&#13;&#10;&#13;&#10;Learn more:&#13;&#10;  https://github.com/google/guice/wiki/ERROR_IN_CUSTOM_PROVIDER&#13;&#10;&#13;&#10;1 error&#10;&#10;======================&#10;Full classname legend:&#10;======================&#10;GreengrassContextModule:  &quot;com.aws.greengrass.testing.modules.GreengrassContextModule&quot;&#10;LoggerSteps:              &quot;com.aws.greengrass.testing.features.LoggerSteps&quot;&#10;TestContextModule:        &quot;com.aws.greengrass.testing.modules.TestContextModule&quot;&#10;========================&#10;End of classname legend:&#10;========================&#10;" type="com.google.inject.ProvisionException"><![CDATA[Given my device is registered as a Thing....................................skipped
And my device is running Greengrass.........................................skipped
Given I subscribe to the following IoT MQTT topics..........................skipped
And I create a Greengrass deployment with components........................skipped
When I update my Greengrass deployment configuration, setting the component aws.greengrass.TensorFlowLiteImageClassification configuration to:.skipped
And I deploy the Greengrass deployment configuration........................skipped
Then the Greengrass deployment is COMPLETED on the device after 5 minutes...skipped
And I receive messages on the following IoT MQTT topics after 30 seconds....skipped

StackTrace:
com.google.inject.ProvisionException: Unable to provision, see the following errors:

1) [Guice/ErrorInCustomProvider]: IllegalArgumentException: Parameter ggc.archive is required if not testing against pre-installed versions of Greengrass on the device.
  at GreengrassContextModule.providesNucleusContext(GreengrassContextModule.java:88)
  at TestContextModule.providesTestContext(TestContextModule.java:77)
      \_ for 5th parameter
  at TestContextModule.providesTestContext(TestContextModule.java:77)
[...]

StackTrace:
com.google.inject.ProvisionException: Unable to provision, see the following errors:

1) [Guice/ErrorInCustomProvider]: IllegalArgumentException: Parameter ggc.archive is required if not testing against pre-installed versions of Greengrass on the device.
  at GreengrassContextModule.providesNucleusContext(GreengrassContextModule.java:88)
  at TestContextModule.providesTestContext(TestContextModule.java:77)
      \_ for 5th parameter
  at TestContextModule.providesTestContext(TestContextModule.java:77)
  at LoggerSteps.<init>(LoggerSteps.java:28)
      \_ for 1st parameter
  at LoggerSteps.class(LoggerSteps.java:23)
  while locating LoggerSteps

Learn more:
  https://github.com/google/guice/wiki/ERROR_IN_CUSTOM_PROVIDER

1 error

======================
Full classname legend:
======================
GreengrassContextModule:  "com.aws.greengrass.testing.modules.GreengrassContextModule"
LoggerSteps:              "com.aws.greengrass.testing.features.LoggerSteps"
TestContextModule:        "com.aws.greengrass.testing.modules.TestContextModule"
========================
End of classname legend:
========================

	at com.google.inject.internal.InternalProvisionException.toProvisionException(InternalProvisionException.java:251)
	at com.google.inject.internal.InjectorImpl$1.get(InjectorImpl.java:1103)
	at com.google.inject.internal.InjectorImpl.getInstance(InjectorImpl.java:1138)
	at io.cucumber.guice.GuiceFactory.getInstance(GuiceFactory.java:43)
	at io.cucumber.java.JavaHookDefinition.execute(JavaHookDefinition.java:61)
	at io.cucumber.core.runner.CoreHookDefinition.execute(CoreHookDefinition.java:31)
	at io.cucumber.core.runner.HookDefinitionMatch.runStep(HookDefinitionMatch.java:20)
	at io.cucumber.core.runner.TestStep.executeStep(TestStep.java:64)
	at io.cucumber.core.runner.TestStep.run(TestStep.java:49)
	at io.cucumber.core.runner.TestCase.run(TestCase.java:47)
	at io.cucumber.core.runner.Runner.runPickle(Runner.java:67)
	at io.cucumber.core.runtime.Runtime.lambda$run$2(Runtime.java:100)
	at java.util.concurrent.Executors$RunnableAdapter.call(Unknown Source)
	at java.util.concurrent.FutureTask.run(Unknown Source)
	at io.cucumber.core.runtime.Runtime$SameThreadExecutorService.execute(Runtime.java:243)
	at java.util.concurrent.AbstractExecutorService.submit(Unknown Source)
	at io.cucumber.core.runtime.Runtime.lambda$run$3(Runtime.java:100)
	at java.util.stream.ReferencePipeline$3$1.accept(Unknown Source)
	at java.util.stream.SliceOps$1$1.accept(Unknown Source)
	at java.util.ArrayList$ArrayListSpliterator.tryAdvance(Unknown Source)
	at java.util.stream.ReferencePipeline.forEachWithCancel(Unknown Source)
	at java.util.stream.AbstractPipeline.copyIntoWithCancel(Unknown Source)
	at java.util.stream.AbstractPipeline.copyInto(Unknown Source)
	at java.util.stream.AbstractPipeline.wrapAndCopyInto(Unknown Source)
	at java.util.stream.ReduceOps$ReduceOp.evaluateSequential(Unknown Source)
	at java.util.stream.AbstractPipeline.evaluate(Unknown Source)
	at java.util.stream.ReferencePipeline.collect(Unknown Source)
	at io.cucumber.core.runtime.Runtime.run(Runtime.java:101)
	at com.aws.greengrass.testing.launcher.TestLauncher.runTests(TestLauncher.java:184)
	at com.aws.greengrass.testing.launcher.TestLauncher.main(TestLauncher.java:120)
Caused by: java.lang.IllegalArgumentException: Parameter ggc.archive is required if not testing against pre-installed versions of Greengrass on the device.
	at com.aws.greengrass.testing.modules.GreengrassContextModule.lambda$providesNucleusContext$1(GreengrassContextModule.java:102)
	at java.util.Optional.orElseThrow(Unknown Source)
	at com.aws.greengrass.testing.modules.GreengrassContextModule.providesNucleusContext(GreengrassContextModule.java:102)
	at com.aws.greengrass.testing.modules.GreengrassContextModule$$FastClassByGuice$$7757270.GUICE$TRAMPOLINE(<generated>)
	at com.aws.greengrass.testing.modules.GreengrassContextModule$$FastClassByGuice$$7757270.apply(<generated>)
	at com.google.inject.internal.ProviderMethod$FastClassProviderMethod.doProvision(ProviderMethod.java:260)
	at com.google.inject.internal.ProviderMethod.doProvision(ProviderMethod.java:171)
	at com.google.inject.internal.InternalProviderInstanceBindingImpl$CyclicFactory.provision(InternalProviderInstanceBindingImpl.java:185)
	at com.google.inject.internal.InternalProviderInstanceBindingImpl$CyclicFactory.access$300(InternalProviderInstanceBindingImpl.java:139)
	at com.google.inject.internal.InternalProviderInstanceBindingImpl$CyclicFactory$1.call(InternalProviderInstanceBindingImpl.java:169)
	at com.google.inject.internal.ProvisionListenerStackCallback$Provision.provision(ProvisionListenerStackCallback.java:109)
	at com.aws.greengrass.testing.modules.AWSResourcesCleanupModule$CleanupProvisioner.onProvision(AWSResourcesCleanupModule.java:69)
	at com.google.inject.internal.ProvisionListenerStackCallback$Provision.provision(ProvisionListenerStackCallback.java:117)
	at com.google.inject.internal.ProvisionListenerStackCallback.provision(ProvisionListenerStackCallback.java:66)
	at com.google.inject.internal.InternalProviderInstanceBindingImpl$CyclicFactory.get(InternalProviderInstanceBindingImpl.java:164)
	at com.google.inject.internal.ProviderToInternalFactoryAdapter.get(ProviderToInternalFactoryAdapter.java:40)
	at com.google.inject.internal.SingletonScope$1.get(SingletonScope.java:169)
	at com.google.inject.internal.InternalFactoryToProviderAdapter.get(InternalFactoryToProviderAdapter.java:45)
	at com.google.inject.internal.SingleParameterInjector.inject(SingleParameterInjector.java:40)
	at com.google.inject.internal.SingleParameterInjector.getAll(SingleParameterInjector.java:60)
	at com.google.inject.internal.ProviderMethod.doProvision(ProviderMethod.java:171)
	at com.google.inject.internal.InternalProviderInstanceBindingImpl$CyclicFactory.provision(InternalProviderInstanceBindingImpl.java:185)
	at com.google.inject.internal.InternalProviderInstanceBindingImpl$CyclicFactory.access$300(InternalProviderInstanceBindingImpl.java:139)
	at com.google.inject.internal.InternalProviderInstanceBindingImpl$CyclicFactory$1.call(InternalProviderInstanceBindingImpl.java:169)
	at com.google.inject.internal.ProvisionListenerStackCallback$Provision.provision(ProvisionListenerStackCallback.java:109)
	at com.aws.greengrass.testing.modules.AWSResourcesCleanupModule$CleanupProvisioner.onProvision(AWSResourcesCleanupModule.java:69)
	at com.google.inject.internal.ProvisionListenerStackCallback$Provision.provision(ProvisionListenerStackCallback.java:117)
	at com.google.inject.internal.ProvisionListenerStackCallback.provision(ProvisionListenerStackCallback.java:66)
	at com.google.inject.internal.InternalProviderInstanceBindingImpl$CyclicFactory.get(InternalProviderInstanceBindingImpl.java:164)
	at com.google.inject.internal.ProviderToInternalFactoryAdapter.get(ProviderToInternalFactoryAdapter.java:40)
	at io.cucumber.guice.SequentialScenarioScope.lambda$scope$0(SequentialScenarioScope.java:38)
	at com.google.inject.internal.InternalFactoryToProviderAdapter.get(InternalFactoryToProviderAdapter.java:45)
	at com.google.inject.internal.SingleParameterInjector.inject(SingleParameterInjector.java:40)
	at com.google.inject.internal.SingleParameterInjector.getAll(SingleParameterInjector.java:60)
	at com.google.inject.internal.ConstructorInjector.provision(ConstructorInjector.java:113)
	at com.google.inject.internal.ConstructorInjector.access$000(ConstructorInjector.java:33)
	at com.google.inject.internal.ConstructorInjector$1.call(ConstructorInjector.java:98)
	at com.google.inject.internal.ProvisionListenerStackCallback$Provision.provision(ProvisionListenerStackCallback.java:109)
	at com.aws.greengrass.testing.modules.AWSResourcesCleanupModule$CleanupProvisioner.onProvision(AWSResourcesCleanupModule.java:69)
	at com.google.inject.internal.ProvisionListenerStackCallback$Provision.provision(ProvisionListenerStackCallback.java:117)
	at com.google.inject.internal.ProvisionListenerStackCallback.provision(ProvisionListenerStackCallback.java:66)
	at com.google.inject.internal.ConstructorInjector.construct(ConstructorInjector.java:93)
	at com.google.inject.internal.ConstructorBindingImpl$Factory.get(ConstructorBindingImpl.java:296)
	at com.google.inject.internal.ProviderToInternalFactoryAdapter.get(ProviderToInternalFactoryAdapter.java:40)
	at io.cucumber.guice.SequentialScenarioScope.lambda$scope$0(SequentialScenarioScope.java:38)
	at com.google.inject.internal.InternalFactoryToProviderAdapter.get(InternalFactoryToProviderAdapter.java:45)
	at com.google.inject.internal.InjectorImpl$1.get(InjectorImpl.java:1100)
	... 28 more
]]></failure>
</testcase>
<testcase classname="Greengrass V2 Stream Manager" name="I can install and run aws.greengrass.StreamManager on my device" time="0.01">
<failure message="Unable to provision, see the following errors:&#13;&#10;&#13;&#10;1) [Guice/ErrorInCustomProvider]: IllegalArgumentException: Parameter ggc.archive is required if not testing against pre-installed versions of Greengrass on the device.&#13;&#10;  at GreengrassContextModule.providesNucleusContext(GreengrassContextModule.java:88)&#13;&#10;  at TestContextModule.providesTestContext(TestContextModule.java:77)&#13;&#10;      \_ for 5th parameter&#13;&#10;  at TestContextModule.providesTestContext(TestContextModule.java:77)&#13;&#10;  at LoggerSteps.&lt;init&gt;(LoggerSteps.java:28)&#13;&#10;      \_ for 1st parameter&#13;&#10;  at LoggerSteps.class(LoggerSteps.java:23)&#13;&#10;  while locating LoggerSteps&#13;&#10;&#13;&#10;Learn more:&#13;&#10;  https://github.com/google/guice/wiki/ERROR_IN_CUSTOM_PROVIDER&#13;&#10;&#13;&#10;1 error&#10;&#10;======================&#10;Full classname legend:&#10;======================&#10;GreengrassContextModule:  &quot;com.aws.greengrass.testing.modules.GreengrassContextModule&quot;&#10;LoggerSteps:              &quot;com.aws.greengrass.testing.features.LoggerSteps&quot;&#10;TestContextModule:        &quot;com.aws.greengrass.testing.modules.TestContextModule&quot;&#10;========================&#10;End of classname legend:&#10;========================&#10;" type="com.google.inject.ProvisionException"><![CDATA[Given my device is registered as a Thing....................................skipped
And my device is running Greengrass.........................................skipped
Given I create a random file that is 500KB large, named streammanager-input.log.skipped
When I create an S3 bucket for testing......................................skipped
And I copy the file streammanager-input.log to my device at ${test.context:installRoot}/streammanager-input.log.skipped
And I create a Greengrass deployment with components........................skipped
And I update my Greengrass deployment configuration, setting the component com.aws.StreamManagerExport configuration to:.skipped
And I deploy the Greengrass deployment configuration........................skipped
Then the Greengrass deployment is COMPLETED on the device after 2 minutes...skipped
And the aws.greengrass.StreamManager log on the device contains the line "Stream Manager reporting the state: RUNNING" within 30 seconds.skipped
And the S3 bucket contains the key export/streammanager-input.log within 30 seconds.skipped

StackTrace:
com.google.inject.ProvisionException: Unable to provision, see the following errors:

1) [Guice/ErrorInCustomProvider]: IllegalArgumentException: Parameter ggc.archive is required if not testing against pre-installed versions of Greengrass on the device.
  at GreengrassContextModule.providesNucleusContext(GreengrassContextModule.java:88)
  at TestContextModule.providesTestContext(TestContextModule.java:77)
      \_ for 5th parameter
  at TestContextModule.providesTestContext(TestContextModule.java:77)
  at LoggerSteps.<init>(LoggerSteps.java:28)
      \_ for 1st parameter
  at LoggerSteps.class(LoggerSteps.java:23)
  while locating LoggerSteps

Learn more:
  https://github.com/google/guice/wiki/ERROR_IN_CUSTOM_PROVIDER

1 error

======================
Full classname legend:
======================
GreengrassContextModule:  "com.aws.greengrass.testing.modules.GreengrassContextModule"
LoggerSteps:              "com.aws.greengrass.testing.features.LoggerSteps"
TestContextModule:        "com.aws.greengrass.testing.modules.TestContextModule"
========================
End of classname legend:
========================

	at com.google.inject.internal.InternalProvisionException.toProvisionException(InternalProvisionException.java:251)
	at com.google.inject.internal.InjectorImpl$1.get(InjectorImpl.java:1103)
	at com.google.inject.internal.InjectorImpl.getInstance(InjectorImpl.java:1138)
	at io.cucumber.guice.GuiceFactory.getInstance(GuiceFactory.java:43)
	at io.cucumber.java.JavaHookDefinition.execute(JavaHookDefinition.java:61)
	at io.cucumber.core.runner.CoreHookDefinition.execute(CoreHookDefinition.java:31)
	at io.cucumber.core.runner.HookDefinitionMatch.runStep(HookDefinitionMatch.java:20)
	at io.cucumber.core.runner.TestStep.executeStep(TestStep.java:64)
	at io.cucumber.core.runner.TestStep.run(TestStep.java:49)
	at io.cucumber.core.runner.TestCase.run(TestCase.java:47)
	at io.cucumber.core.runner.Runner.runPickle(Runner.java:67)
	at io.cucumber.core.runtime.Runtime.lambda$run$2(Runtime.java:100)
	at java.util.concurrent.Executors$RunnableAdapter.call(Unknown Source)
	at java.util.concurrent.FutureTask.run(Unknown Source)
	at io.cucumber.core.runtime.Runtime$SameThreadExecutorService.execute(Runtime.java:243)
	at java.util.concurrent.AbstractExecutorService.submit(Unknown Source)
	at io.cucumber.core.runtime.Runtime.lambda$run$3(Runtime.java:100)
	at java.util.stream.ReferencePipeline$3$1.accept(Unknown Source)
	at java.util.stream.SliceOps$1$1.accept(Unknown Source)
	at java.util.ArrayList$ArrayListSpliterator.tryAdvance(Unknown Source)
	at java.util.stream.ReferencePipeline.forEachWithCancel(Unknown Source)
	at java.util.stream.AbstractPipeline.copyIntoWithCancel(Unknown Source)
	at java.util.stream.AbstractPipeline.copyInto(Unknown Source)
	at java.util.stream.AbstractPipeline.wrapAndCopyInto(Unknown Source)
	at java.util.stream.ReduceOps$ReduceOp.evaluateSequential(Unknown Source)
	at java.util.stream.AbstractPipeline.evaluate(Unknown Source)
	at java.util.stream.ReferencePipeline.collect(Unknown Source)
	at io.cucumber.core.runtime.Runtime.run(Runtime.java:101)
	at com.aws.greengrass.testing.launcher.TestLauncher.runTests(TestLauncher.java:184)
	at com.aws.greengrass.testing.launcher.TestLauncher.main(TestLauncher.java:120)
Caused by: java.lang.IllegalArgumentException: Parameter ggc.archive is required if not testing against pre-installed versions of Greengrass on the device.
	at com.aws.greengrass.testing.modules.GreengrassContextModule.lambda$providesNucleusContext$1(GreengrassContextModule.java:102)
	at java.util.Optional.orElseThrow(Unknown Source)
	at com.aws.greengrass.testing.modules.GreengrassContextModule.providesNucleusContext(GreengrassContextModule.java:102)
	at com.aws.greengrass.testing.modules.GreengrassContextModule$$FastClassByGuice$$7757270.GUICE$TRAMPOLINE(<generated>)
	at com.aws.greengrass.testing.modules.GreengrassContextModule$$FastClassByGuice$$7757270.apply(<generated>)
	at com.google.inject.internal.ProviderMethod$FastClassProviderMethod.doProvision(ProviderMethod.java:260)
	at com.google.inject.internal.ProviderMethod.doProvision(ProviderMethod.java:171)
	at com.google.inject.internal.InternalProviderInstanceBindingImpl$CyclicFactory.provision(InternalProviderInstanceBindingImpl.java:185)
	at com.google.inject.internal.InternalProviderInstanceBindingImpl$CyclicFactory.access$300(InternalProviderInstanceBindingImpl.java:139)
	at com.google.inject.internal.InternalProviderInstanceBindingImpl$CyclicFactory$1.call(InternalProviderInstanceBindingImpl.java:169)
	at com.google.inject.internal.ProvisionListenerStackCallback$Provision.provision(ProvisionListenerStackCallback.java:109)
	at com.aws.greengrass.testing.modules.AWSResourcesCleanupModule$CleanupProvisioner.onProvision(AWSResourcesCleanupModule.java:69)
	at com.google.inject.internal.ProvisionListenerStackCallback$Provision.provision(ProvisionListenerStackCallback.java:117)
	at com.google.inject.internal.ProvisionListenerStackCallback.provision(ProvisionListenerStackCallback.java:66)
	at com.google.inject.internal.InternalProviderInstanceBindingImpl$CyclicFactory.get(InternalProviderInstanceBindingImpl.java:164)
	at com.google.inject.internal.ProviderToInternalFactoryAdapter.get(ProviderToInternalFactoryAdapter.java:40)
	at com.google.inject.internal.SingletonScope$1.get(SingletonScope.java:169)
	at com.google.inject.internal.InternalFactoryToProviderAdapter.get(InternalFactoryToProviderAdapter.java:45)
	at com.google.inject.internal.SingleParameterInjector.inject(SingleParameterInjector.java:40)
	at com.google.inject.internal.SingleParameterInjector.getAll(SingleParameterInjector.java:60)
	at com.google.inject.internal.ProviderMethod.doProvision(ProviderMethod.java:171)
	at com.google.inject.internal.InternalProviderInstanceBindingImpl$CyclicFactory.provision(InternalProviderInstanceBindingImpl.java:185)
	at com.google.inject.internal.InternalProviderInstanceBindingImpl$CyclicFactory.access$300(InternalProviderInstanceBindingImpl.java:139)
	at com.google.inject.internal.InternalProviderInstanceBindingImpl$CyclicFactory$1.call(InternalProviderInstanceBindingImpl.java:169)
	at com.google.inject.internal.ProvisionListenerStackCallback$Provision.provision(ProvisionListenerStackCallback.java:109)
	at com.aws.greengrass.testing.modules.AWSResourcesCleanupModule$CleanupProvisioner.onProvision(AWSResourcesCleanupModule.java:69)
	at com.google.inject.internal.ProvisionListenerStackCallback$Provision.provision(ProvisionListenerStackCallback.java:117)
	at com.google.inject.internal.ProvisionListenerStackCallback.provision(ProvisionListenerStackCallback.java:66)
	at com.google.inject.internal.InternalProviderInstanceBindingImpl$CyclicFactory.get(InternalProviderInstanceBindingImpl.java:164)
	at com.google.inject.internal.ProviderToInternalFactoryAdapter.get(ProviderToInternalFactoryAdapter.java:40)
	at io.cucumber.guice.SequentialScenarioScope.lambda$scope$0(SequentialScenarioScope.java:38)
	at com.google.inject.internal.InternalFactoryToProviderAdapter.get(InternalFactoryToProviderAdapter.java:45)
	at com.google.inject.internal.SingleParameterInjector.inject(SingleParameterInjector.java:40)
	at com.google.inject.internal.SingleParameterInjector.getAll(SingleParameterInjector.java:60)
	at com.google.inject.internal.ConstructorInjector.provision(ConstructorInjector.java:113)
	at com.google.inject.internal.ConstructorInjector.access$000(ConstructorInjector.java:33)
	at com.google.inject.internal.ConstructorInjector$1.call(ConstructorInjector.java:98)
	at com.google.inject.internal.ProvisionListenerStackCallback$Provision.provision(ProvisionListenerStackCallback.java:109)
	at com.aws.greengrass.testing.modules.AWSResourcesCleanupModule$CleanupProvisioner.onProvision(AWSResourcesCleanupModule.java:69)
	at com.google.inject.internal.ProvisionListenerStackCallback$Provision.provision(ProvisionListenerStackCallback.java:117)
	at com.google.inject.internal.ProvisionListenerStackCallback.provision(ProvisionListenerStackCallback.java:66)
	at com.google.inject.internal.ConstructorInjector.construct(ConstructorInjector.java:93)
	at com.google.inject.internal.ConstructorBindingImpl$Factory.get(ConstructorBindingImpl.java:296)
	at com.google.inject.internal.ProviderToInternalFactoryAdapter.get(ProviderToInternalFactoryAdapter.java:40)
	at io.cucumber.guice.SequentialScenarioScope.lambda$scope$0(SequentialScenarioScope.java:38)
	at com.google.inject.internal.InternalFactoryToProviderAdapter.get(InternalFactoryToProviderAdapter.java:45)
	at com.google.inject.internal.InjectorImpl$1.get(InjectorImpl.java:1100)
	... 28 more
]]></failure>
</testcase>
</testsuite>
